#
# There is insufficient memory for the Java Runtime Environment to continue.
# Native memory allocation (mmap) failed to map 436207616 bytes for committing reserved memory.
# Possible reasons:
#   The system is out of physical RAM or swap space
#   The process is running with CompressedOops enabled, and the Java Heap may be blocking the growth of the native heap
# Possible solutions:
#   Reduce memory load on the system
#   Increase physical memory or swap space
#   Check if swap backing store is full
#   Decrease Java heap size (-Xmx/-Xms)
#   Decrease number of Java threads
#   Decrease Java thread stack sizes (-Xss)
#   Set larger code cache with -XX:ReservedCodeCacheSize=
#   JVM is running with Unscaled Compressed Oops mode in which the Java heap is
#     placed in the first 4GB address space. The Java Heap base address is the
#     maximum limit for the native heap growth. Please use -XX:HeapBaseMinAddress
#     to set the Java Heap base and to place the Java Heap above 4GB virtual address.
# This output file may be truncated or incomplete.
#
#  Out of Memory Error (os_linux.cpp:3120), pid=16446, tid=16464
#
# JRE version: OpenJDK Runtime Environment (Red_Hat-11.0.17.0.8-2.el7_9) (11.0.17+8) (build 11.0.17+8-LTS)
# Java VM: OpenJDK 64-Bit Server VM (Red_Hat-11.0.17.0.8-2.el7_9) (11.0.17+8-LTS, mixed mode, sharing, tiered, compressed oops, g1 gc, linux-amd64)
# No core dump will be written. Core dumps have been disabled. To enable core dumping, try "ulimit -c unlimited" before starting Java again
#

---------------  S U M M A R Y ------------

Command Line: -Dclassworlds.conf=/opt/maven/bin/m2.conf -Dmaven.home=/opt/maven -Dlibrary.jansi.path=/opt/maven/lib/jansi-native -Dmaven.multiModuleProjectDirectory=/var/lib/jenkins/workspace/esprit-devops org.codehaus.plexus.classworlds.launcher.Launcher sonar:sonar -Dsonar.host.url=http://172.10.0.140:9000 -Dsonar.login=efea649a08ffcc5d14292684449e23ed88e17e1b

Host: Intel(R) Core(TM) i5-10600 CPU @ 3.30GHz, 4 cores, 5G, CentOS Linux release 7.9.2009 (Core)
Time: Mon Nov  7 20:32:26 2022 UTC elapsed time: 172.570622 seconds (0d 0h 2m 52s)

---------------  T H R E A D  ---------------

Current thread (0x00007f74200e2000):  VMThread "VM Thread" [stack: 0x00007f7400041000,0x00007f7400141000] [id=16464]

Stack: [0x00007f7400041000,0x00007f7400141000],  sp=0x00007f740013edb0,  free space=1015k
Native frames: (J=compiled Java code, A=aot compiled Java code, j=interpreted, Vv=VM code, C=native code)
V  [libjvm.so+0xf08d52]  VMError::report_and_die(int, char const*, char const*, __va_list_tag*, Thread*, unsigned char*, void*, void*, char const*, int, unsigned long)+0x1c2
V  [libjvm.so+0xf09d03]  VMError::report_and_die(Thread*, char const*, int, unsigned long, VMErrorType, char const*, __va_list_tag*)+0x43
V  [libjvm.so+0x6fcf30]  report_vm_out_of_memory(char const*, int, unsigned long, VMErrorType, char const*, ...)+0x110
V  [libjvm.so+0xc590e9]  os::pd_commit_memory_or_exit(char*, unsigned long, unsigned long, bool, char const*)+0xe9
V  [libjvm.so+0xc51a3c]  os::commit_memory_or_exit(char*, unsigned long, unsigned long, bool, char const*)+0x2c
V  [libjvm.so+0x80fb51]  G1PageBasedVirtualSpace::commit_preferred_pages(unsigned long, unsigned long)+0x71
V  [libjvm.so+0x80fca5]  G1PageBasedVirtualSpace::commit_internal(unsigned long, unsigned long)+0x85
V  [libjvm.so+0x80fe9a]  G1PageBasedVirtualSpace::commit(unsigned long, unsigned long)+0x10a
V  [libjvm.so+0x817976]  G1RegionsLargerThanCommitSizeMapper::commit_regions(unsigned int, unsigned long, WorkGang*)+0x46
V  [libjvm.so+0x888468]  HeapRegionManager::commit_regions(unsigned int, unsigned long, WorkGang*)+0x88
V  [libjvm.so+0x888fc4]  HeapRegionManager::make_regions_available(unsigned int, unsigned int, WorkGang*)+0x34
V  [libjvm.so+0x889509]  HeapRegionManager::expand_by(unsigned int, WorkGang*)+0x99
V  [libjvm.so+0x7cfff0]  G1CollectedHeap::expand(unsigned long, WorkGang*, double*)+0xc0
V  [libjvm.so+0x7d4112]  G1CollectedHeap::do_collection_pause_at_safepoint(double)+0xad2
V  [libjvm.so+0xf13a22]  VM_G1CollectForAllocation::doit()+0x82
V  [libjvm.so+0xf0b860]  VM_Operation::evaluate()+0xe0
V  [libjvm.so+0xf118ef]  VMThread::evaluate_operation(VM_Operation*)+0x11f
V  [libjvm.so+0xf11d6e]  VMThread::loop()+0x28e
V  [libjvm.so+0xf122dc]  VMThread::run()+0x7c
V  [libjvm.so+0xe9ca7a]  Thread::call_run()+0x16a
V  [libjvm.so+0xc5ef88]  thread_native_entry(Thread*)+0xe8

VM_Operation (0x00007f7427fcff70): G1CollectForAllocation, mode: safepoint, requested by thread 0x00007f7420015800


---------------  P R O C E S S  ---------------

Threads class SMR info:
_java_thread_list=0x00007f73a80008c0, length=14, elements={
0x00007f7420015800, 0x00007f74200e5000, 0x00007f74200ef000, 0x00007f74200f4800,
0x00007f74200f7000, 0x00007f74200f9000, 0x00007f74200fb000, 0x00007f74200fd000,
0x00007f742012f800, 0x00007f7420bac800, 0x00007f7420bb4800, 0x00007f7420daf000,
0x00007f742042f000, 0x00007f742188d000
}

Java Threads: ( => current thread )
  0x00007f7420015800 JavaThread "main" [_thread_blocked, id=16458, stack(0x00007f7427ed4000,0x00007f7427fd5000)]
  0x00007f74200e5000 JavaThread "Reference Handler" daemon [_thread_blocked, id=16465, stack(0x00007f73f9eff000,0x00007f73fa000000)]
  0x00007f74200ef000 JavaThread "Finalizer" daemon [_thread_blocked, id=16466, stack(0x00007f73f9dfe000,0x00007f73f9eff000)]
  0x00007f74200f4800 JavaThread "Signal Dispatcher" daemon [_thread_blocked, id=16467, stack(0x00007f73f9cfd000,0x00007f73f9dfe000)]
  0x00007f74200f7000 JavaThread "Service Thread" daemon [_thread_blocked, id=16468, stack(0x00007f73f9bfc000,0x00007f73f9cfd000)]
  0x00007f74200f9000 JavaThread "C2 CompilerThread0" daemon [_thread_blocked, id=16469, stack(0x00007f73f9afb000,0x00007f73f9bfc000)]
  0x00007f74200fb000 JavaThread "C1 CompilerThread0" daemon [_thread_blocked, id=16470, stack(0x00007f73f99fa000,0x00007f73f9afb000)]
  0x00007f74200fd000 JavaThread "Sweeper thread" daemon [_thread_blocked, id=16471, stack(0x00007f73f98f9000,0x00007f73f99fa000)]
  0x00007f742012f800 JavaThread "Common-Cleaner" daemon [_thread_blocked, id=16473, stack(0x00007f73f96f6000,0x00007f73f97f7000)]
  0x00007f7420bac800 JavaThread "OkHttp ConnectionPool" daemon [_thread_blocked, id=16475, stack(0x00007f73f80a6000,0x00007f73f81a7000)]
  0x00007f7420bb4800 JavaThread "Okio Watchdog" daemon [_thread_blocked, id=16476, stack(0x00007f73d99bc000,0x00007f73d9abd000)]
  0x00007f7420daf000 JavaThread "OkHttp TaskRunner" daemon [_thread_blocked, id=16480, stack(0x00007f73d91b9000,0x00007f73d92ba000)]
  0x00007f742042f000 JavaThread "JGit-WorkQueue" daemon [_thread_blocked, id=16492, stack(0x00007f73d81b5000,0x00007f73d82b6000)]
  0x00007f742188d000 JavaThread "Report about progress of Java AST analyzer" daemon [_thread_blocked, id=16508, stack(0x00007f73d85b7000,0x00007f73d86b8000)]

Other Threads:
=>0x00007f74200e2000 VMThread "VM Thread" [stack: 0x00007f7400041000,0x00007f7400141000] [id=16464]
  0x00007f742012d000 WatcherThread [stack: 0x00007f73f97f9000,0x00007f73f98f9000] [id=16472]
  0x00007f742002d800 GCTaskThread "GC Thread#0" [stack: 0x00007f74244a1000,0x00007f74245a1000] [id=16459]
  0x00007f73ec001000 GCTaskThread "GC Thread#1" [stack: 0x00007f73f8fca000,0x00007f73f90ca000] [id=16474]
  0x00007f73ec021800 GCTaskThread "GC Thread#2" [stack: 0x00007f73d96bc000,0x00007f73d97bc000] [id=16477]
  0x00007f73ec067800 GCTaskThread "GC Thread#3" [stack: 0x00007f73d80b5000,0x00007f73d81b5000] [id=16498]
  0x00007f7420053000 ConcurrentGCThread "G1 Main Marker" [stack: 0x00007f740815b000,0x00007f740825b000] [id=16460]
  0x00007f7420055000 ConcurrentGCThread "G1 Conc#0" [stack: 0x00007f7408059000,0x00007f7408159000] [id=16461]
  0x00007f74200b1800 ConcurrentGCThread "G1 Refine#0" [stack: 0x00007f7400ac6000,0x00007f7400bc6000] [id=16462]
  0x00007f74200b3800 ConcurrentGCThread "G1 Young RemSet Sampling" [stack: 0x00007f74009c4000,0x00007f7400ac4000] [id=16463]

Threads with active compile tasks:
C2 CompilerThread0   172766 9972       4       org.eclipse.jdt.internal.compiler.batch.ClasspathLocation$$Lambda$479/0x0000000840790040::apply (12 bytes)

VM state:at safepoint (normal execution)

VM Mutex/Monitor currently owned by a thread:  ([mutex/lock_event])
[0x00007f74200125c0] Threads_lock - owner thread: 0x00007f74200e2000
[0x00007f7420012da0] Heap_lock - owner thread: 0x00007f7420015800

Heap address: 0x00000000a5400000, size: 1452 MB, Compressed Oops mode: 32-bit
Narrow klass base: 0x0000000800000000, Narrow klass shift: 3
Compressed class space size: 1073741824 Address: 0x0000000840000000

Heap:
 garbage-first heap   total 638976K, used 70669K [0x00000000a5400000, 0x0000000100000000)
  region size 1024K, 8 young (8192K), 8 survivors (8192K)
 Metaspace       used 73267K, capacity 76108K, committed 76312K, reserved 1116160K
  class space    used 8498K, capacity 9504K, committed 9600K, reserved 1048576K
Heap Regions: E=young(eden), S=young(survivor), O=old, HS=humongous(starts), HC=humongous(continues), CS=collection set, F=free, A=archive, TAMS=top-at-mark-start (previous, next)
|   0|0x00000000a5400000, 0x00000000a5500000, 0x00000000a5500000|100%| O|  |TAMS 0x00000000a5500000, 0x00000000a5400000| Untracked 
|   1|0x00000000a5500000, 0x00000000a5600000, 0x00000000a5600000|100%| O|  |TAMS 0x00000000a5600000, 0x00000000a5500000| Untracked 
|   2|0x00000000a5600000, 0x00000000a5700000, 0x00000000a5700000|100%| O|  |TAMS 0x00000000a5700000, 0x00000000a5600000| Untracked 
|   3|0x00000000a5700000, 0x00000000a5800000, 0x00000000a5800000|100%| O|  |TAMS 0x00000000a5800000, 0x00000000a5700000| Untracked 
|   4|0x00000000a5800000, 0x00000000a5900000, 0x00000000a5900000|100%| O|  |TAMS 0x00000000a5900000, 0x00000000a5800000| Untracked 
|   5|0x00000000a5900000, 0x00000000a5a00000, 0x00000000a5a00000|100%| O|  |TAMS 0x00000000a5a00000, 0x00000000a5900000| Untracked 
|   6|0x00000000a5a00000, 0x00000000a5b00000, 0x00000000a5b00000|100%| O|  |TAMS 0x00000000a5b00000, 0x00000000a5a00000| Untracked 
|   7|0x00000000a5b00000, 0x00000000a5c00000, 0x00000000a5c00000|100%| O|  |TAMS 0x00000000a5c00000, 0x00000000a5b00000| Untracked 
|   8|0x00000000a5c00000, 0x00000000a5d00000, 0x00000000a5d00000|100%| O|  |TAMS 0x00000000a5d00000, 0x00000000a5c00000| Untracked 
|   9|0x00000000a5d00000, 0x00000000a5e00000, 0x00000000a5e00000|100%| O|  |TAMS 0x00000000a5e00000, 0x00000000a5d00000| Untracked 
|  10|0x00000000a5e00000, 0x00000000a5f00000, 0x00000000a5f00000|100%| O|  |TAMS 0x00000000a5f00000, 0x00000000a5e00000| Untracked 
|  11|0x00000000a5f00000, 0x00000000a6000000, 0x00000000a6000000|100%| O|  |TAMS 0x00000000a6000000, 0x00000000a5f00000| Untracked 
|  12|0x00000000a6000000, 0x00000000a6100000, 0x00000000a6100000|100%|HS|  |TAMS 0x00000000a6100000, 0x00000000a6000000| Complete 
|  13|0x00000000a6100000, 0x00000000a6200000, 0x00000000a6200000|100%|HC|  |TAMS 0x00000000a6200000, 0x00000000a6100000| Complete 
|  14|0x00000000a6200000, 0x00000000a6300000, 0x00000000a6300000|100%| O|  |TAMS 0x00000000a6300000, 0x00000000a6200000| Untracked 
|  15|0x00000000a6300000, 0x00000000a6400000, 0x00000000a6400000|100%| O|  |TAMS 0x00000000a6400000, 0x00000000a6300000| Untracked 
|  16|0x00000000a6400000, 0x00000000a6500000, 0x00000000a6500000|100%| O|  |TAMS 0x00000000a6500000, 0x00000000a6400000| Untracked 
|  17|0x00000000a6500000, 0x00000000a6600000, 0x00000000a6600000|100%| O|  |TAMS 0x00000000a6600000, 0x00000000a6500000| Untracked 
|  18|0x00000000a6600000, 0x00000000a6700000, 0x00000000a6700000|100%| O|  |TAMS 0x00000000a6700000, 0x00000000a6600000| Untracked 
|  19|0x00000000a6700000, 0x00000000a6800000, 0x00000000a6800000|100%| O|  |TAMS 0x00000000a6800000, 0x00000000a6700000| Untracked 
|  20|0x00000000a6800000, 0x00000000a6900000, 0x00000000a6900000|100%| O|  |TAMS 0x00000000a6900000, 0x00000000a6800000| Untracked 
|  21|0x00000000a6900000, 0x00000000a6a00000, 0x00000000a6a00000|100%| O|  |TAMS 0x00000000a6a00000, 0x00000000a6900000| Untracked 
|  22|0x00000000a6a00000, 0x00000000a6b00000, 0x00000000a6b00000|100%| O|  |TAMS 0x00000000a6b00000, 0x00000000a6a00000| Untracked 
|  23|0x00000000a6b00000, 0x00000000a6c00000, 0x00000000a6c00000|100%| O|  |TAMS 0x00000000a6c00000, 0x00000000a6b00000| Untracked 
|  24|0x00000000a6c00000, 0x00000000a6d00000, 0x00000000a6d00000|100%| O|  |TAMS 0x00000000a6d00000, 0x00000000a6c00000| Untracked 
|  25|0x00000000a6d00000, 0x00000000a6e00000, 0x00000000a6e00000|100%| O|  |TAMS 0x00000000a6e00000, 0x00000000a6d00000| Untracked 
|  26|0x00000000a6e00000, 0x00000000a6f00000, 0x00000000a6f00000|100%| O|  |TAMS 0x00000000a6f00000, 0x00000000a6e00000| Untracked 
|  27|0x00000000a6f00000, 0x00000000a7000000, 0x00000000a7000000|100%| O|  |TAMS 0x00000000a7000000, 0x00000000a6f00000| Untracked 
|  28|0x00000000a7000000, 0x00000000a7100000, 0x00000000a7100000|100%| O|  |TAMS 0x00000000a7100000, 0x00000000a7000000| Untracked 
|  29|0x00000000a7100000, 0x00000000a7200000, 0x00000000a7200000|100%| O|  |TAMS 0x00000000a7200000, 0x00000000a7100000| Untracked 
|  30|0x00000000a7200000, 0x00000000a7300000, 0x00000000a7300000|100%| O|  |TAMS 0x00000000a7300000, 0x00000000a7200000| Untracked 
|  31|0x00000000a7300000, 0x00000000a7400000, 0x00000000a7400000|100%| O|  |TAMS 0x00000000a7400000, 0x00000000a7300000| Untracked 
|  32|0x00000000a7400000, 0x00000000a7500000, 0x00000000a7500000|100%| O|  |TAMS 0x00000000a7500000, 0x00000000a7400000| Untracked 
|  33|0x00000000a7500000, 0x00000000a7600000, 0x00000000a7600000|100%|HS|  |TAMS 0x00000000a7600000, 0x00000000a7500000| Complete 
|  34|0x00000000a7600000, 0x00000000a7700000, 0x00000000a7700000|100%|HS|  |TAMS 0x00000000a7700000, 0x00000000a7600000| Complete 
|  35|0x00000000a7700000, 0x00000000a7800000, 0x00000000a7800000|100%|HS|  |TAMS 0x00000000a7800000, 0x00000000a7700000| Complete 
|  36|0x00000000a7800000, 0x00000000a7900000, 0x00000000a7900000|100%|HS|  |TAMS 0x00000000a7900000, 0x00000000a7800000| Complete 
|  37|0x00000000a7900000, 0x00000000a7a00000, 0x00000000a7a00000|100%| O|  |TAMS 0x00000000a7a00000, 0x00000000a7900000| Untracked 
|  38|0x00000000a7a00000, 0x00000000a7b00000, 0x00000000a7b00000|100%| O|  |TAMS 0x00000000a7b00000, 0x00000000a7a00000| Untracked 
|  39|0x00000000a7b00000, 0x00000000a7c00000, 0x00000000a7c00000|100%| O|  |TAMS 0x00000000a7c00000, 0x00000000a7b00000| Untracked 
|  40|0x00000000a7c00000, 0x00000000a7d00000, 0x00000000a7d00000|100%| O|  |TAMS 0x00000000a7d00000, 0x00000000a7c00000| Untracked 
|  41|0x00000000a7d00000, 0x00000000a7e00000, 0x00000000a7e00000|100%| O|  |TAMS 0x00000000a7e00000, 0x00000000a7d00000| Untracked 
|  42|0x00000000a7e00000, 0x00000000a7f00000, 0x00000000a7f00000|100%| O|  |TAMS 0x00000000a7e00000, 0x00000000a7e00000| Untracked 
|  43|0x00000000a7f00000, 0x00000000a8000000, 0x00000000a8000000|100%| O|  |TAMS 0x00000000a8000000, 0x00000000a7f00000| Untracked 
|  44|0x00000000a8000000, 0x00000000a8100000, 0x00000000a8100000|100%| O|  |TAMS 0x00000000a8100000, 0x00000000a8000000| Untracked 
|  45|0x00000000a8100000, 0x00000000a8200000, 0x00000000a8200000|100%| O|  |TAMS 0x00000000a8200000, 0x00000000a8100000| Untracked 
|  46|0x00000000a8200000, 0x00000000a8300000, 0x00000000a8300000|100%| O|  |TAMS 0x00000000a8300000, 0x00000000a8200000| Untracked 
|  47|0x00000000a8300000, 0x00000000a8400000, 0x00000000a8400000|100%| O|  |TAMS 0x00000000a8400000, 0x00000000a8300000| Untracked 
|  48|0x00000000a8400000, 0x00000000a8500000, 0x00000000a8500000|100%| O|  |TAMS 0x00000000a8400000, 0x00000000a8400000| Untracked 
|  49|0x00000000a8500000, 0x00000000a8500000, 0x00000000a8600000|  0%| F|  |TAMS 0x00000000a8500000, 0x00000000a8500000| Untracked 
|  50|0x00000000a8600000, 0x00000000a8700000, 0x00000000a8700000|100%| O|  |TAMS 0x00000000a8700000, 0x00000000a8600000| Untracked 
|  51|0x00000000a8700000, 0x00000000a876d200, 0x00000000a8800000| 42%| O|  |TAMS 0x00000000a8700000, 0x00000000a8700000| Untracked 
|  52|0x00000000a8800000, 0x00000000a8900000, 0x00000000a8900000|100%| O|  |TAMS 0x00000000a8900000, 0x00000000a8800000| Untracked 
|  53|0x00000000a8900000, 0x00000000a8a00000, 0x00000000a8a00000|100%| O|  |TAMS 0x00000000a8a00000, 0x00000000a8900000| Untracked 
|  54|0x00000000a8a00000, 0x00000000a8b00000, 0x00000000a8b00000|100%| O|  |TAMS 0x00000000a8a00000, 0x00000000a8a00000| Untracked 
|  55|0x00000000a8b00000, 0x00000000a8c00000, 0x00000000a8c00000|100%| O|  |TAMS 0x00000000a8b00000, 0x00000000a8b00000| Untracked 
|  56|0x00000000a8c00000, 0x00000000a8c00000, 0x00000000a8d00000|  0%| F|  |TAMS 0x00000000a8c00000, 0x00000000a8c00000| Untracked 
|  57|0x00000000a8d00000, 0x00000000a8e00000, 0x00000000a8e00000|100%| O|  |TAMS 0x00000000a8d00000, 0x00000000a8d00000| Untracked 
|  58|0x00000000a8e00000, 0x00000000a8e00000, 0x00000000a8f00000|  0%| F|  |TAMS 0x00000000a8e00000, 0x00000000a8e00000| Untracked 
|  59|0x00000000a8f00000, 0x00000000a8f00000, 0x00000000a9000000|  0%| F|  |TAMS 0x00000000a8f00000, 0x00000000a8f00000| Untracked 
|  60|0x00000000a9000000, 0x00000000a9100000, 0x00000000a9100000|100%| O|  |TAMS 0x00000000a9100000, 0x00000000a9000000| Untracked 
|  61|0x00000000a9100000, 0x00000000a9200000, 0x00000000a9200000|100%| O|  |TAMS 0x00000000a9100000, 0x00000000a9100000| Untracked 
|  62|0x00000000a9200000, 0x00000000a9300000, 0x00000000a9300000|100%| O|  |TAMS 0x00000000a9300000, 0x00000000a9200000| Untracked 
|  63|0x00000000a9300000, 0x00000000a9400000, 0x00000000a9400000|100%| O|  |TAMS 0x00000000a9385000, 0x00000000a9300000| Untracked 
|  64|0x00000000a9400000, 0x00000000a9400000, 0x00000000a9500000|  0%| F|  |TAMS 0x00000000a9400000, 0x00000000a9400000| Untracked 
|  65|0x00000000a9500000, 0x00000000a9500000, 0x00000000a9600000|  0%| F|  |TAMS 0x00000000a9500000, 0x00000000a9500000| Untracked 
|  66|0x00000000a9600000, 0x00000000a9700000, 0x00000000a9700000|100%|HS|  |TAMS 0x00000000a9600000, 0x00000000a9600000| Complete 
|  67|0x00000000a9700000, 0x00000000a9700000, 0x00000000a9800000|  0%| F|  |TAMS 0x00000000a9700000, 0x00000000a9700000| Untracked 
|  68|0x00000000a9800000, 0x00000000a9800000, 0x00000000a9900000|  0%| F|  |TAMS 0x00000000a9800000, 0x00000000a9800000| Untracked 
|  69|0x00000000a9900000, 0x00000000a9900000, 0x00000000a9a00000|  0%| F|  |TAMS 0x00000000a9900000, 0x00000000a9900000| Untracked 
|  70|0x00000000a9a00000, 0x00000000a9a00000, 0x00000000a9b00000|  0%| F|  |TAMS 0x00000000a9a00000, 0x00000000a9a00000| Untracked 
|  71|0x00000000a9b00000, 0x00000000a9b00000, 0x00000000a9c00000|  0%| F|  |TAMS 0x00000000a9b00000, 0x00000000a9b00000| Untracked 
|  72|0x00000000a9c00000, 0x00000000a9c00000, 0x00000000a9d00000|  0%| F|  |TAMS 0x00000000a9c00000, 0x00000000a9c00000| Untracked 
|  73|0x00000000a9d00000, 0x00000000a9d00000, 0x00000000a9e00000|  0%| F|  |TAMS 0x00000000a9d00000, 0x00000000a9d00000| Untracked 
|  74|0x00000000a9e00000, 0x00000000a9e00000, 0x00000000a9f00000|  0%| F|  |TAMS 0x00000000a9e00000, 0x00000000a9e00000| Untracked 
|  75|0x00000000a9f00000, 0x00000000a9f00000, 0x00000000aa000000|  0%| F|  |TAMS 0x00000000a9f00000, 0x00000000a9f00000| Untracked 
|  76|0x00000000aa000000, 0x00000000aa000000, 0x00000000aa100000|  0%| F|  |TAMS 0x00000000aa000000, 0x00000000aa000000| Untracked 
|  77|0x00000000aa100000, 0x00000000aa100000, 0x00000000aa200000|  0%| F|  |TAMS 0x00000000aa100000, 0x00000000aa100000| Untracked 
|  78|0x00000000aa200000, 0x00000000aa200000, 0x00000000aa300000|  0%| F|  |TAMS 0x00000000aa200000, 0x00000000aa200000| Untracked 
|  79|0x00000000aa300000, 0x00000000aa300000, 0x00000000aa400000|  0%| F|  |TAMS 0x00000000aa300000, 0x00000000aa300000| Untracked 
|  80|0x00000000aa400000, 0x00000000aa400000, 0x00000000aa500000|  0%| F|  |TAMS 0x00000000aa400000, 0x00000000aa400000| Untracked 
|  81|0x00000000aa500000, 0x00000000aa500000, 0x00000000aa600000|  0%| F|  |TAMS 0x00000000aa500000, 0x00000000aa500000| Untracked 
|  82|0x00000000aa600000, 0x00000000aa600000, 0x00000000aa700000|  0%| F|  |TAMS 0x00000000aa600000, 0x00000000aa600000| Untracked 
|  83|0x00000000aa700000, 0x00000000aa700000, 0x00000000aa800000|  0%| F|  |TAMS 0x00000000aa700000, 0x00000000aa700000| Untracked 
|  84|0x00000000aa800000, 0x00000000aa800000, 0x00000000aa900000|  0%| F|  |TAMS 0x00000000aa800000, 0x00000000aa800000| Untracked 
|  85|0x00000000aa900000, 0x00000000aa900000, 0x00000000aaa00000|  0%| F|  |TAMS 0x00000000aa900000, 0x00000000aa900000| Untracked 
|  86|0x00000000aaa00000, 0x00000000aaa00000, 0x00000000aab00000|  0%| F|  |TAMS 0x00000000aaa00000, 0x00000000aaa00000| Untracked 
|  87|0x00000000aab00000, 0x00000000aab00000, 0x00000000aac00000|  0%| F|  |TAMS 0x00000000aab00000, 0x00000000aab00000| Untracked 
|  88|0x00000000aac00000, 0x00000000aac00000, 0x00000000aad00000|  0%| F|  |TAMS 0x00000000aac00000, 0x00000000aac00000| Untracked 
|  89|0x00000000aad00000, 0x00000000aad00000, 0x00000000aae00000|  0%| F|  |TAMS 0x00000000aad00000, 0x00000000aad00000| Untracked 
|  90|0x00000000aae00000, 0x00000000aae00000, 0x00000000aaf00000|  0%| F|  |TAMS 0x00000000aae00000, 0x00000000aae00000| Untracked 
|  91|0x00000000aaf00000, 0x00000000aaf00000, 0x00000000ab000000|  0%| F|  |TAMS 0x00000000aaf00000, 0x00000000aaf00000| Untracked 
|  92|0x00000000ab000000, 0x00000000ab0e4360, 0x00000000ab100000| 89%| S|CS|TAMS 0x00000000ab000000, 0x00000000ab000000| Complete 
|  93|0x00000000ab100000, 0x00000000ab200000, 0x00000000ab200000|100%| S|CS|TAMS 0x00000000ab100000, 0x00000000ab100000| Complete 
|  94|0x00000000ab200000, 0x00000000ab300000, 0x00000000ab300000|100%| S|CS|TAMS 0x00000000ab200000, 0x00000000ab200000| Complete 
|  95|0x00000000ab300000, 0x00000000ab400000, 0x00000000ab400000|100%| S|CS|TAMS 0x00000000ab300000, 0x00000000ab300000| Complete 
|  96|0x00000000ab400000, 0x00000000ab500000, 0x00000000ab500000|100%| S|CS|TAMS 0x00000000ab400000, 0x00000000ab400000| Complete 
|  97|0x00000000ab500000, 0x00000000ab600000, 0x00000000ab600000|100%| S|CS|TAMS 0x00000000ab500000, 0x00000000ab500000| Complete 
|  98|0x00000000ab600000, 0x00000000ab700000, 0x00000000ab700000|100%| S|CS|TAMS 0x00000000ab600000, 0x00000000ab600000| Complete 
|  99|0x00000000ab700000, 0x00000000ab800000, 0x00000000ab800000|100%| S|CS|TAMS 0x00000000ab700000, 0x00000000ab700000| Complete 
| 100|0x00000000ab800000, 0x00000000ab800000, 0x00000000ab900000|  0%| F|  |TAMS 0x00000000ab800000, 0x00000000ab800000| Untracked 
| 101|0x00000000ab900000, 0x00000000ab900000, 0x00000000aba00000|  0%| F|  |TAMS 0x00000000ab900000, 0x00000000ab900000| Untracked 
| 102|0x00000000aba00000, 0x00000000aba00000, 0x00000000abb00000|  0%| F|  |TAMS 0x00000000aba00000, 0x00000000aba00000| Untracked 
| 103|0x00000000abb00000, 0x00000000abb00000, 0x00000000abc00000|  0%| F|  |TAMS 0x00000000abb00000, 0x00000000abb00000| Untracked 
| 104|0x00000000abc00000, 0x00000000abc00000, 0x00000000abd00000|  0%| F|  |TAMS 0x00000000abc00000, 0x00000000abc00000| Untracked 
| 105|0x00000000abd00000, 0x00000000abd00000, 0x00000000abe00000|  0%| F|  |TAMS 0x00000000abd00000, 0x00000000abd00000| Untracked 
| 106|0x00000000abe00000, 0x00000000abe00000, 0x00000000abf00000|  0%| F|  |TAMS 0x00000000abe00000, 0x00000000abe00000| Untracked 
| 107|0x00000000abf00000, 0x00000000abf00000, 0x00000000ac000000|  0%| F|  |TAMS 0x00000000abf00000, 0x00000000abf00000| Untracked 
| 108|0x00000000ac000000, 0x00000000ac000000, 0x00000000ac100000|  0%| F|  |TAMS 0x00000000ac000000, 0x00000000ac000000| Untracked 
| 109|0x00000000ac100000, 0x00000000ac100000, 0x00000000ac200000|  0%| F|  |TAMS 0x00000000ac100000, 0x00000000ac100000| Untracked 
| 110|0x00000000ac200000, 0x00000000ac200000, 0x00000000ac300000|  0%| F|  |TAMS 0x00000000ac200000, 0x00000000ac200000| Untracked 
| 111|0x00000000ac300000, 0x00000000ac300000, 0x00000000ac400000|  0%| F|  |TAMS 0x00000000ac300000, 0x00000000ac300000| Untracked 
| 112|0x00000000ac400000, 0x00000000ac400000, 0x00000000ac500000|  0%| F|  |TAMS 0x00000000ac400000, 0x00000000ac400000| Untracked 
| 113|0x00000000ac500000, 0x00000000ac500000, 0x00000000ac600000|  0%| F|  |TAMS 0x00000000ac500000, 0x00000000ac500000| Untracked 
| 114|0x00000000ac600000, 0x00000000ac600000, 0x00000000ac700000|  0%| F|  |TAMS 0x00000000ac600000, 0x00000000ac600000| Untracked 
| 115|0x00000000ac700000, 0x00000000ac700000, 0x00000000ac800000|  0%| F|  |TAMS 0x00000000ac700000, 0x00000000ac700000| Untracked 
| 116|0x00000000ac800000, 0x00000000ac800000, 0x00000000ac900000|  0%| F|  |TAMS 0x00000000ac800000, 0x00000000ac800000| Untracked 
| 117|0x00000000ac900000, 0x00000000ac900000, 0x00000000aca00000|  0%| F|  |TAMS 0x00000000ac900000, 0x00000000ac900000| Untracked 
| 118|0x00000000aca00000, 0x00000000aca00000, 0x00000000acb00000|  0%| F|  |TAMS 0x00000000aca00000, 0x00000000aca00000| Untracked 
| 119|0x00000000acb00000, 0x00000000acb00000, 0x00000000acc00000|  0%| F|  |TAMS 0x00000000acb00000, 0x00000000acb00000| Untracked 
| 120|0x00000000acc00000, 0x00000000acc00000, 0x00000000acd00000|  0%| F|  |TAMS 0x00000000acc00000, 0x00000000acc00000| Untracked 
| 121|0x00000000acd00000, 0x00000000acd00000, 0x00000000ace00000|  0%| F|  |TAMS 0x00000000acd00000, 0x00000000acd00000| Untracked 
| 122|0x00000000ace00000, 0x00000000ace00000, 0x00000000acf00000|  0%| F|  |TAMS 0x00000000ace00000, 0x00000000ace00000| Untracked 
| 123|0x00000000acf00000, 0x00000000acf00000, 0x00000000ad000000|  0%| F|  |TAMS 0x00000000acf00000, 0x00000000acf00000| Untracked 
| 124|0x00000000ad000000, 0x00000000ad000000, 0x00000000ad100000|  0%| F|  |TAMS 0x00000000ad000000, 0x00000000ad000000| Untracked 
| 125|0x00000000ad100000, 0x00000000ad100000, 0x00000000ad200000|  0%| F|  |TAMS 0x00000000ad100000, 0x00000000ad100000| Untracked 
| 126|0x00000000ad200000, 0x00000000ad200000, 0x00000000ad300000|  0%| F|  |TAMS 0x00000000ad200000, 0x00000000ad200000| Untracked 
| 127|0x00000000ad300000, 0x00000000ad300000, 0x00000000ad400000|  0%| F|  |TAMS 0x00000000ad300000, 0x00000000ad300000| Untracked 
| 128|0x00000000ad400000, 0x00000000ad400000, 0x00000000ad500000|  0%| F|  |TAMS 0x00000000ad400000, 0x00000000ad400000| Untracked 
| 129|0x00000000ad500000, 0x00000000ad500000, 0x00000000ad600000|  0%| F|  |TAMS 0x00000000ad500000, 0x00000000ad500000| Untracked 
| 130|0x00000000ad600000, 0x00000000ad600000, 0x00000000ad700000|  0%| F|  |TAMS 0x00000000ad600000, 0x00000000ad600000| Untracked 
| 131|0x00000000ad700000, 0x00000000ad700000, 0x00000000ad800000|  0%| F|  |TAMS 0x00000000ad700000, 0x00000000ad700000| Untracked 
| 132|0x00000000ad800000, 0x00000000ad800000, 0x00000000ad900000|  0%| F|  |TAMS 0x00000000ad800000, 0x00000000ad800000| Untracked 
| 133|0x00000000ad900000, 0x00000000ad900000, 0x00000000ada00000|  0%| F|  |TAMS 0x00000000ad900000, 0x00000000ad900000| Untracked 
| 134|0x00000000ada00000, 0x00000000ada00000, 0x00000000adb00000|  0%| F|  |TAMS 0x00000000ada00000, 0x00000000ada00000| Untracked 
| 135|0x00000000adb00000, 0x00000000adb00000, 0x00000000adc00000|  0%| F|  |TAMS 0x00000000adb00000, 0x00000000adb00000| Untracked 
| 136|0x00000000adc00000, 0x00000000adc00000, 0x00000000add00000|  0%| F|  |TAMS 0x00000000adc00000, 0x00000000adc00000| Untracked 
| 137|0x00000000add00000, 0x00000000add00000, 0x00000000ade00000|  0%| F|  |TAMS 0x00000000add00000, 0x00000000add00000| Untracked 
| 138|0x00000000ade00000, 0x00000000ade00000, 0x00000000adf00000|  0%| F|  |TAMS 0x00000000ade00000, 0x00000000ade00000| Untracked 
| 139|0x00000000adf00000, 0x00000000adf00000, 0x00000000ae000000|  0%| F|  |TAMS 0x00000000adf00000, 0x00000000adf00000| Untracked 
| 140|0x00000000ae000000, 0x00000000ae000000, 0x00000000ae100000|  0%| F|  |TAMS 0x00000000ae000000, 0x00000000ae000000| Untracked 
| 141|0x00000000ae100000, 0x00000000ae100000, 0x00000000ae200000|  0%| F|  |TAMS 0x00000000ae100000, 0x00000000ae100000| Untracked 
| 142|0x00000000ae200000, 0x00000000ae200000, 0x00000000ae300000|  0%| F|  |TAMS 0x00000000ae200000, 0x00000000ae200000| Untracked 
| 143|0x00000000ae300000, 0x00000000ae300000, 0x00000000ae400000|  0%| F|  |TAMS 0x00000000ae300000, 0x00000000ae300000| Untracked 
| 144|0x00000000ae400000, 0x00000000ae400000, 0x00000000ae500000|  0%| F|  |TAMS 0x00000000ae400000, 0x00000000ae400000| Untracked 
| 145|0x00000000ae500000, 0x00000000ae500000, 0x00000000ae600000|  0%| F|  |TAMS 0x00000000ae500000, 0x00000000ae500000| Untracked 
| 146|0x00000000ae600000, 0x00000000ae600000, 0x00000000ae700000|  0%| F|  |TAMS 0x00000000ae600000, 0x00000000ae600000| Untracked 
| 147|0x00000000ae700000, 0x00000000ae700000, 0x00000000ae800000|  0%| F|  |TAMS 0x00000000ae700000, 0x00000000ae700000| Untracked 
| 148|0x00000000ae800000, 0x00000000ae800000, 0x00000000ae900000|  0%| F|  |TAMS 0x00000000ae800000, 0x00000000ae800000| Untracked 
| 149|0x00000000ae900000, 0x00000000ae900000, 0x00000000aea00000|  0%| F|  |TAMS 0x00000000ae900000, 0x00000000ae900000| Untracked 
| 150|0x00000000aea00000, 0x00000000aea00000, 0x00000000aeb00000|  0%| F|  |TAMS 0x00000000aea00000, 0x00000000aea00000| Untracked 
| 151|0x00000000aeb00000, 0x00000000aeb00000, 0x00000000aec00000|  0%| F|  |TAMS 0x00000000aeb00000, 0x00000000aeb00000| Untracked 
| 152|0x00000000aec00000, 0x00000000aec00000, 0x00000000aed00000|  0%| F|  |TAMS 0x00000000aec00000, 0x00000000aec00000| Untracked 
| 153|0x00000000aed00000, 0x00000000aed00000, 0x00000000aee00000|  0%| F|  |TAMS 0x00000000aed00000, 0x00000000aed00000| Untracked 
| 154|0x00000000aee00000, 0x00000000aee00000, 0x00000000aef00000|  0%| F|  |TAMS 0x00000000aee00000, 0x00000000aee00000| Untracked 
| 155|0x00000000aef00000, 0x00000000aef00000, 0x00000000af000000|  0%| F|  |TAMS 0x00000000aef00000, 0x00000000aef00000| Untracked 
| 156|0x00000000af000000, 0x00000000af000000, 0x00000000af100000|  0%| F|  |TAMS 0x00000000af000000, 0x00000000af000000| Untracked 
| 157|0x00000000af100000, 0x00000000af100000, 0x00000000af200000|  0%| F|  |TAMS 0x00000000af100000, 0x00000000af100000| Untracked 
| 158|0x00000000af200000, 0x00000000af200000, 0x00000000af300000|  0%| F|  |TAMS 0x00000000af200000, 0x00000000af200000| Untracked 
| 159|0x00000000af300000, 0x00000000af300000, 0x00000000af400000|  0%| F|  |TAMS 0x00000000af300000, 0x00000000af300000| Untracked 
| 160|0x00000000af400000, 0x00000000af400000, 0x00000000af500000|  0%| F|  |TAMS 0x00000000af400000, 0x00000000af400000| Untracked 
| 161|0x00000000af500000, 0x00000000af500000, 0x00000000af600000|  0%| F|  |TAMS 0x00000000af500000, 0x00000000af500000| Untracked 
| 162|0x00000000af600000, 0x00000000af600000, 0x00000000af700000|  0%| F|  |TAMS 0x00000000af600000, 0x00000000af600000| Untracked 
| 163|0x00000000af700000, 0x00000000af700000, 0x00000000af800000|  0%| F|  |TAMS 0x00000000af700000, 0x00000000af700000| Untracked 
| 164|0x00000000af800000, 0x00000000af800000, 0x00000000af900000|  0%| F|  |TAMS 0x00000000af800000, 0x00000000af800000| Untracked 
| 165|0x00000000af900000, 0x00000000af900000, 0x00000000afa00000|  0%| F|  |TAMS 0x00000000af900000, 0x00000000af900000| Untracked 
| 166|0x00000000afa00000, 0x00000000afa00000, 0x00000000afb00000|  0%| F|  |TAMS 0x00000000afa00000, 0x00000000afa00000| Untracked 
| 167|0x00000000afb00000, 0x00000000afb00000, 0x00000000afc00000|  0%| F|  |TAMS 0x00000000afb00000, 0x00000000afb00000| Untracked 
| 168|0x00000000afc00000, 0x00000000afc00000, 0x00000000afd00000|  0%| F|  |TAMS 0x00000000afc00000, 0x00000000afc00000| Untracked 
| 169|0x00000000afd00000, 0x00000000afd00000, 0x00000000afe00000|  0%| F|  |TAMS 0x00000000afd00000, 0x00000000afd00000| Untracked 
| 170|0x00000000afe00000, 0x00000000afe00000, 0x00000000aff00000|  0%| F|  |TAMS 0x00000000afe00000, 0x00000000afe00000| Untracked 
| 171|0x00000000aff00000, 0x00000000aff00000, 0x00000000b0000000|  0%| F|  |TAMS 0x00000000aff00000, 0x00000000aff00000| Untracked 
| 172|0x00000000b0000000, 0x00000000b0000000, 0x00000000b0100000|  0%| F|  |TAMS 0x00000000b0000000, 0x00000000b0000000| Untracked 
| 173|0x00000000b0100000, 0x00000000b0100000, 0x00000000b0200000|  0%| F|  |TAMS 0x00000000b0100000, 0x00000000b0100000| Untracked 
| 174|0x00000000b0200000, 0x00000000b0200000, 0x00000000b0300000|  0%| F|  |TAMS 0x00000000b0200000, 0x00000000b0200000| Untracked 
| 175|0x00000000b0300000, 0x00000000b0300000, 0x00000000b0400000|  0%| F|  |TAMS 0x00000000b0300000, 0x00000000b0300000| Untracked 
| 176|0x00000000b0400000, 0x00000000b0400000, 0x00000000b0500000|  0%| F|  |TAMS 0x00000000b0400000, 0x00000000b0400000| Untracked 
| 177|0x00000000b0500000, 0x00000000b0500000, 0x00000000b0600000|  0%| F|  |TAMS 0x00000000b0500000, 0x00000000b0500000| Untracked 
| 178|0x00000000b0600000, 0x00000000b0600000, 0x00000000b0700000|  0%| F|  |TAMS 0x00000000b0600000, 0x00000000b0600000| Untracked 
| 179|0x00000000b0700000, 0x00000000b0700000, 0x00000000b0800000|  0%| F|  |TAMS 0x00000000b0700000, 0x00000000b0700000| Untracked 
| 180|0x00000000b0800000, 0x00000000b0800000, 0x00000000b0900000|  0%| F|  |TAMS 0x00000000b0800000, 0x00000000b0800000| Untracked 
| 181|0x00000000b0900000, 0x00000000b0900000, 0x00000000b0a00000|  0%| F|  |TAMS 0x00000000b0900000, 0x00000000b0900000| Untracked 
| 182|0x00000000b0a00000, 0x00000000b0a00000, 0x00000000b0b00000|  0%| F|  |TAMS 0x00000000b0a00000, 0x00000000b0a00000| Untracked 
| 183|0x00000000b0b00000, 0x00000000b0b00000, 0x00000000b0c00000|  0%| F|  |TAMS 0x00000000b0b00000, 0x00000000b0b00000| Untracked 
| 184|0x00000000b0c00000, 0x00000000b0c00000, 0x00000000b0d00000|  0%| F|  |TAMS 0x00000000b0c00000, 0x00000000b0c00000| Untracked 
| 185|0x00000000b0d00000, 0x00000000b0d00000, 0x00000000b0e00000|  0%| F|  |TAMS 0x00000000b0d00000, 0x00000000b0d00000| Untracked 
| 186|0x00000000b0e00000, 0x00000000b0e00000, 0x00000000b0f00000|  0%| F|  |TAMS 0x00000000b0e00000, 0x00000000b0e00000| Untracked 
| 187|0x00000000b0f00000, 0x00000000b0f00000, 0x00000000b1000000|  0%| F|  |TAMS 0x00000000b0f00000, 0x00000000b0f00000| Untracked 
| 188|0x00000000b1000000, 0x00000000b1000000, 0x00000000b1100000|  0%| F|  |TAMS 0x00000000b1000000, 0x00000000b1000000| Untracked 
| 189|0x00000000b1100000, 0x00000000b1100000, 0x00000000b1200000|  0%| F|  |TAMS 0x00000000b1100000, 0x00000000b1100000| Untracked 
| 190|0x00000000b1200000, 0x00000000b1200000, 0x00000000b1300000|  0%| F|  |TAMS 0x00000000b1200000, 0x00000000b1200000| Untracked 
| 191|0x00000000b1300000, 0x00000000b1300000, 0x00000000b1400000|  0%| F|  |TAMS 0x00000000b1300000, 0x00000000b1300000| Untracked 
| 192|0x00000000b1400000, 0x00000000b1400000, 0x00000000b1500000|  0%| F|  |TAMS 0x00000000b1400000, 0x00000000b1400000| Untracked 
| 193|0x00000000b1500000, 0x00000000b1500000, 0x00000000b1600000|  0%| F|  |TAMS 0x00000000b1500000, 0x00000000b1500000| Untracked 
| 194|0x00000000b1600000, 0x00000000b1600000, 0x00000000b1700000|  0%| F|  |TAMS 0x00000000b1600000, 0x00000000b1600000| Untracked 
| 195|0x00000000b1700000, 0x00000000b1700000, 0x00000000b1800000|  0%| F|  |TAMS 0x00000000b1700000, 0x00000000b1700000| Untracked 
| 196|0x00000000b1800000, 0x00000000b1800000, 0x00000000b1900000|  0%| F|  |TAMS 0x00000000b1800000, 0x00000000b1800000| Untracked 
| 197|0x00000000b1900000, 0x00000000b1900000, 0x00000000b1a00000|  0%| F|  |TAMS 0x00000000b1900000, 0x00000000b1900000| Untracked 
| 198|0x00000000b1a00000, 0x00000000b1a00000, 0x00000000b1b00000|  0%| F|  |TAMS 0x00000000b1a00000, 0x00000000b1a00000| Untracked 
| 199|0x00000000b1b00000, 0x00000000b1b00000, 0x00000000b1c00000|  0%| F|  |TAMS 0x00000000b1b00000, 0x00000000b1b00000| Untracked 
| 200|0x00000000b1c00000, 0x00000000b1c00000, 0x00000000b1d00000|  0%| F|  |TAMS 0x00000000b1c00000, 0x00000000b1c00000| Untracked 
| 201|0x00000000b1d00000, 0x00000000b1d00000, 0x00000000b1e00000|  0%| F|  |TAMS 0x00000000b1d00000, 0x00000000b1d00000| Untracked 
| 202|0x00000000b1e00000, 0x00000000b1e00000, 0x00000000b1f00000|  0%| F|  |TAMS 0x00000000b1e00000, 0x00000000b1e00000| Untracked 
| 203|0x00000000b1f00000, 0x00000000b1f00000, 0x00000000b2000000|  0%| F|  |TAMS 0x00000000b1f00000, 0x00000000b1f00000| Untracked 
| 204|0x00000000b2000000, 0x00000000b2000000, 0x00000000b2100000|  0%| F|  |TAMS 0x00000000b2000000, 0x00000000b2000000| Untracked 
| 205|0x00000000b2100000, 0x00000000b2100000, 0x00000000b2200000|  0%| F|  |TAMS 0x00000000b2100000, 0x00000000b2100000| Untracked 
|1450|0x00000000ffe00000, 0x00000000ffe47000, 0x00000000fff00000| 27%|OA|  |TAMS 0x00000000ffe47000, 0x00000000ffe00000| Untracked 
|1451|0x00000000fff00000, 0x00000000fff6b000, 0x0000000100000000| 41%|CA|  |TAMS 0x00000000fff6b000, 0x00000000fff00000| Untracked 

Card table byte_map: [0x00007f740825b000,0x00007f7408531000] _byte_map_base: 0x00007f7407d31000

Marking Bits (Prev, Next): (CMBitMap*) 0x00007f742004c880, (CMBitMap*) 0x00007f742004c848
 Prev Bits: [0x00007f7400fca000, 0x00007f740267a000)
 Next Bits: [0x00007f740267a000, 0x00007f7403d2a000)

Polling page: 0x00007f7427fe0000

Metaspace:

Usage:
  Non-class:     65.04 MB capacity,    63.25 MB ( 97%) used,     1.55 MB (  2%) free+waste,   243.44 KB ( <1%) overhead. 
      Class:      9.28 MB capacity,     8.30 MB ( 89%) used,   896.90 KB (  9%) free+waste,   109.06 KB (  1%) overhead. 
       Both:     74.32 MB capacity,    71.55 MB ( 96%) used,     2.43 MB (  3%) free+waste,   352.50 KB ( <1%) overhead. 

Virtual space:
  Non-class space:       66.00 MB reserved,      65.15 MB ( 99%) committed 
      Class space:        1.00 GB reserved,       9.38 MB ( <1%) committed 
             Both:        1.06 GB reserved,      74.52 MB (  7%) committed 

Chunk freelists:
   Non-Class:  16.00 KB
       Class:  0 bytes
        Both:  16.00 KB

MaxMetaspaceSize: unlimited
CompressedClassSpaceSize: 1.00 GB
Initial GC threshold: 20.80 MB
Current GC threshold: 121.91 MB
CDS: on

CodeHeap 'non-profiled nmethods': size=120032Kb used=4930Kb max_used=4930Kb free=115101Kb
 bounds [0x00007f74102cf000, 0x00007f74107af000, 0x00007f7417807000]
CodeHeap 'profiled nmethods': size=120032Kb used=21715Kb max_used=21715Kb free=98316Kb
 bounds [0x00007f7408d97000, 0x00007f740a2d7000, 0x00007f74102cf000]
CodeHeap 'non-nmethods': size=5696Kb used=1311Kb max_used=1377Kb free=4384Kb
 bounds [0x00007f7408807000, 0x00007f7408a77000, 0x00007f7408d97000]
 total_blobs=10307 nmethods=9694 adapters=526
 compilation: enabled
              stopped_count=0, restarted_count=0
 full_count=0

Compilation events (20 events):
Event: 170.310 Thread 0x00007f74200f9000 nmethod 9946 0x00007f7410799610 code [0x00007f7410799800, 0x00007f741079a1f8]
Event: 170.511 Thread 0x00007f74200f9000 9962   !   4       java.util.zip.ZipFile$Source::readFullyAt (74 bytes)
Event: 170.517 Thread 0x00007f74200f9000 nmethod 9962 0x00007f741079a510 code [0x00007f741079a6c0, 0x00007f741079ac18]
Event: 170.540 Thread 0x00007f74200fb000 9963       3       java.util.zip.ZipFile$Source$Key::hashCode (29 bytes)
Event: 170.541 Thread 0x00007f74200fb000 nmethod 9963 0x00007f740a2c9290 code [0x00007f740a2c9480, 0x00007f740a2c9820]
Event: 170.775 Thread 0x00007f74200f9000 9964       4       sun.nio.fs.UnixPath::encode (198 bytes)
Event: 170.816 Thread 0x00007f74200f9000 nmethod 9964 0x00007f741079af90 code [0x00007f741079b260, 0x00007f741079c100]
Event: 170.816 Thread 0x00007f74200f9000 9965       4       sun.nio.fs.UnixFileSystem::getPath (105 bytes)
Event: 170.828 Thread 0x00007f74200f9000 nmethod 9965 0x00007f741079ce90 code [0x00007f741079d0a0, 0x00007f741079da60]
Event: 170.869 Thread 0x00007f74200f9000 9966       4       sun.nio.fs.NativeBuffers::getNativeBufferFromCache (51 bytes)
Event: 170.873 Thread 0x00007f74200f9000 nmethod 9966 0x00007f741079df90 code [0x00007f741079e160, 0x00007f741079e450]
Event: 170.921 Thread 0x00007f74200fb000 9967  s    3       java.io.FileDescriptor::attach (73 bytes)
Event: 170.921 Thread 0x00007f74200fb000 nmethod 9967 0x00007f740a2c9a10 code [0x00007f740a2c9c80, 0x00007f740a2caa90]
Event: 170.975 Thread 0x00007f74200f9000 9968       4       java.util.concurrent.TimeUnit::toMillis (69 bytes)
Event: 171.000 Thread 0x00007f74200f9000 nmethod 9968 0x00007f741079e790 code [0x00007f741079e920, 0x00007f741079ea18]
Event: 171.178 Thread 0x00007f74200f9000 9969       4       sun.nio.fs.UnixNativeDispatcher::copyToNativeBuffer (49 bytes)
Event: 171.206 Thread 0x00007f74200f9000 nmethod 9969 0x00007f741079ea90 code [0x00007f741079ec80, 0x00007f741079f2b0]
Event: 171.391 Thread 0x00007f74200fb000 9970       3       java.io.FileCleanable::register (49 bytes)
Event: 171.447 Thread 0x00007f74200fb000 nmethod 9970 0x00007f740a2cae90 code [0x00007f740a2cb0c0, 0x00007f740a2cb9d0]
Event: 172.216 Thread 0x00007f74200f9000 9972       4       org.eclipse.jdt.internal.compiler.batch.ClasspathLocation$$Lambda$479/0x0000000840790040::apply (12 bytes)

GC Heap History (20 events):
Event: 11.780 GC heap after
{Heap after GC invocations=28 (full 0):
 garbage-first heap   total 132096K, used 64936K [0x00000000a5400000, 0x0000000100000000)
  region size 1024K, 5 young (5120K), 5 survivors (5120K)
 Metaspace       used 71913K, capacity 74659K, committed 74904K, reserved 1114112K
  class space    used 8398K, capacity 9375K, committed 9472K, reserved 1048576K
}
Event: 11.781 GC heap before
{Heap before GC invocations=28 (full 0):
 garbage-first heap   total 132096K, used 65960K [0x00000000a5400000, 0x0000000100000000)
  region size 1024K, 6 young (6144K), 5 survivors (5120K)
 Metaspace       used 71913K, capacity 74659K, committed 74904K, reserved 1114112K
  class space    used 8398K, capacity 9375K, committed 9472K, reserved 1048576K
}
Event: 11.788 GC heap after
{Heap after GC invocations=29 (full 0):
 garbage-first heap   total 132096K, used 59810K [0x00000000a5400000, 0x0000000100000000)
  region size 1024K, 1 young (1024K), 1 survivors (1024K)
 Metaspace       used 71913K, capacity 74659K, committed 74904K, reserved 1114112K
  class space    used 8398K, capacity 9375K, committed 9472K, reserved 1048576K
}
Event: 11.839 GC heap before
{Heap before GC invocations=29 (full 0):
 garbage-first heap   total 132096K, used 66978K [0x00000000a5400000, 0x0000000100000000)
  region size 1024K, 9 young (9216K), 1 survivors (1024K)
 Metaspace       used 71979K, capacity 74674K, committed 74904K, reserved 1114112K
  class space    used 8406K, capacity 9380K, committed 9472K, reserved 1048576K
}
Event: 11.843 GC heap after
{Heap after GC invocations=30 (full 0):
 garbage-first heap   total 158720K, used 59715K [0x00000000a5400000, 0x0000000100000000)
  region size 1024K, 2 young (2048K), 2 survivors (2048K)
 Metaspace       used 71979K, capacity 74674K, committed 74904K, reserved 1114112K
  class space    used 8406K, capacity 9380K, committed 9472K, reserved 1048576K
}
Event: 11.995 GC heap before
{Heap before GC invocations=31 (full 0):
 garbage-first heap   total 158720K, used 120131K [0x00000000a5400000, 0x0000000100000000)
  region size 1024K, 58 young (59392K), 2 survivors (2048K)
 Metaspace       used 72016K, capacity 74739K, committed 74904K, reserved 1114112K
  class space    used 8406K, capacity 9380K, committed 9472K, reserved 1048576K
}
Event: 11.999 GC heap after
{Heap after GC invocations=32 (full 0):
 garbage-first heap   total 158720K, used 63508K [0x00000000a5400000, 0x0000000100000000)
  region size 1024K, 5 young (5120K), 5 survivors (5120K)
 Metaspace       used 72016K, capacity 74739K, committed 74904K, reserved 1114112K
  class space    used 8406K, capacity 9380K, committed 9472K, reserved 1048576K
}
Event: 12.001 GC heap before
{Heap before GC invocations=32 (full 0):
 garbage-first heap   total 158720K, used 65556K [0x00000000a5400000, 0x0000000100000000)
  region size 1024K, 7 young (7168K), 5 survivors (5120K)
 Metaspace       used 72016K, capacity 74739K, committed 74904K, reserved 1114112K
  class space    used 8406K, capacity 9380K, committed 9472K, reserved 1048576K
}
Event: 12.004 GC heap after
{Heap after GC invocations=33 (full 0):
 garbage-first heap   total 158720K, used 60714K [0x00000000a5400000, 0x0000000100000000)
  region size 1024K, 1 young (1024K), 1 survivors (1024K)
 Metaspace       used 72016K, capacity 74739K, committed 74904K, reserved 1114112K
  class space    used 8406K, capacity 9380K, committed 9472K, reserved 1048576K
}
Event: 12.166 GC heap before
{Heap before GC invocations=33 (full 0):
 garbage-first heap   total 158720K, used 122154K [0x00000000a5400000, 0x0000000100000000)
  region size 1024K, 58 young (59392K), 1 survivors (1024K)
 Metaspace       used 72208K, capacity 74963K, committed 75160K, reserved 1116160K
  class space    used 8415K, capacity 9390K, committed 9472K, reserved 1048576K
}
Event: 12.172 GC heap after
{Heap after GC invocations=34 (full 0):
 garbage-first heap   total 158720K, used 66610K [0x00000000a5400000, 0x0000000100000000)
  region size 1024K, 6 young (6144K), 6 survivors (6144K)
 Metaspace       used 72208K, capacity 74963K, committed 75160K, reserved 1116160K
  class space    used 8415K, capacity 9390K, committed 9472K, reserved 1048576K
}
Event: 12.290 GC heap before
{Heap before GC invocations=34 (full 0):
 garbage-first heap   total 158720K, used 124978K [0x00000000a5400000, 0x0000000100000000)
  region size 1024K, 59 young (60416K), 6 survivors (6144K)
 Metaspace       used 72256K, capacity 75038K, committed 75416K, reserved 1116160K
  class space    used 8417K, capacity 9394K, committed 9472K, reserved 1048576K
}
Event: 12.296 GC heap after
{Heap after GC invocations=35 (full 0):
 garbage-first heap   total 212992K, used 66408K [0x00000000a5400000, 0x0000000100000000)
  region size 1024K, 5 young (5120K), 5 survivors (5120K)
 Metaspace       used 72256K, capacity 75038K, committed 75416K, reserved 1116160K
  class space    used 8417K, capacity 9394K, committed 9472K, reserved 1048576K
}
Event: 12.899 GC heap before
{Heap before GC invocations=35 (full 0):
 garbage-first heap   total 212992K, used 164712K [0x00000000a5400000, 0x0000000100000000)
  region size 1024K, 96 young (98304K), 5 survivors (5120K)
 Metaspace       used 72415K, capacity 75152K, committed 75416K, reserved 1116160K
  class space    used 8426K, capacity 9408K, committed 9472K, reserved 1048576K
}
Event: 13.191 GC heap after
{Heap after GC invocations=36 (full 0):
 garbage-first heap   total 212992K, used 66174K [0x00000000a5400000, 0x0000000100000000)
  region size 1024K, 5 young (5120K), 5 survivors (5120K)
 Metaspace       used 72415K, capacity 75152K, committed 75416K, reserved 1116160K
  class space    used 8426K, capacity 9408K, committed 9472K, reserved 1048576K
}
Event: 17.111 GC heap before
{Heap before GC invocations=36 (full 0):
 garbage-first heap   total 212992K, used 177790K [0x00000000a5400000, 0x0000000100000000)
  region size 1024K, 107 young (109568K), 5 survivors (5120K)
 Metaspace       used 72666K, capacity 75498K, committed 75672K, reserved 1116160K
  class space    used 8444K, capacity 9457K, committed 9472K, reserved 1048576K
}
Event: 18.058 GC heap after
{Heap after GC invocations=37 (full 0):
 garbage-first heap   total 212992K, used 64646K [0x00000000a5400000, 0x0000000100000000)
  region size 1024K, 4 young (4096K), 4 survivors (4096K)
 Metaspace       used 72666K, capacity 75498K, committed 75672K, reserved 1116160K
  class space    used 8444K, capacity 9457K, committed 9472K, reserved 1048576K
}
Event: 20.486 GC heap before
{Heap before GC invocations=37 (full 0):
 garbage-first heap   total 212992K, used 83078K [0x00000000a5400000, 0x0000000100000000)
  region size 1024K, 22 young (22528K), 4 survivors (4096K)
 Metaspace       used 72719K, capacity 75508K, committed 75672K, reserved 1116160K
  class space    used 8444K, capacity 9457K, committed 9472K, reserved 1048576K
}
Event: 20.511 GC heap after
{Heap after GC invocations=38 (full 0):
 garbage-first heap   total 212992K, used 65660K [0x00000000a5400000, 0x0000000100000000)
  region size 1024K, 3 young (3072K), 3 survivors (3072K)
 Metaspace       used 72719K, capacity 75508K, committed 75672K, reserved 1116160K
  class space    used 8444K, capacity 9457K, committed 9472K, reserved 1048576K
}
Event: 172.301 GC heap before
{Heap before GC invocations=38 (full 0):
 garbage-first heap   total 212992K, used 176252K [0x00000000a5400000, 0x0000000100000000)
  region size 1024K, 106 young (108544K), 3 survivors (3072K)
 Metaspace       used 73267K, capacity 76108K, committed 76312K, reserved 1116160K
  class space    used 8498K, capacity 9504K, committed 9600K, reserved 1048576K
}

Deoptimization events (20 events):
Event: 23.725 Thread 0x00007f7420015800 Uncommon trap: trap_request=0xffffffde fr.pc=0x00007f74105288d4 relative=0x00000000000002d4
Event: 24.317 Thread 0x00007f7420015800 Uncommon trap: reason=class_check action=maybe_recompile pc=0x00007f74105288d4 method=java.util.regex.Pattern$CharProperty.match(Ljava/util/regex/Matcher;ILjava/lang/CharSequence;)Z @ 21 c2
Event: 24.317 Thread 0x00007f7420015800 DEOPT PACKING pc=0x00007f74105288d4 sp=0x00007f7427fd0280
Event: 24.317 Thread 0x00007f7420015800 DEOPT UNPACKING pc=0x00007f7408850e9f sp=0x00007f7427fd0250 mode 2
Event: 24.318 Thread 0x00007f7420015800 Uncommon trap: trap_request=0xffffffde fr.pc=0x00007f74105288d4 relative=0x00000000000002d4
Event: 24.318 Thread 0x00007f7420015800 Uncommon trap: reason=class_check action=maybe_recompile pc=0x00007f74105288d4 method=java.util.regex.Pattern$CharProperty.match(Ljava/util/regex/Matcher;ILjava/lang/CharSequence;)Z @ 21 c2
Event: 24.318 Thread 0x00007f7420015800 DEOPT PACKING pc=0x00007f74105288d4 sp=0x00007f7427fd0280
Event: 24.318 Thread 0x00007f7420015800 DEOPT UNPACKING pc=0x00007f7408850e9f sp=0x00007f7427fd0250 mode 2
Event: 24.318 Thread 0x00007f7420015800 Uncommon trap: trap_request=0xffffffde fr.pc=0x00007f74105288d4 relative=0x00000000000002d4
Event: 24.318 Thread 0x00007f7420015800 Uncommon trap: reason=class_check action=maybe_recompile pc=0x00007f74105288d4 method=java.util.regex.Pattern$CharProperty.match(Ljava/util/regex/Matcher;ILjava/lang/CharSequence;)Z @ 21 c2
Event: 24.318 Thread 0x00007f7420015800 DEOPT PACKING pc=0x00007f74105288d4 sp=0x00007f7427fd0280
Event: 24.318 Thread 0x00007f7420015800 DEOPT UNPACKING pc=0x00007f7408850e9f sp=0x00007f7427fd0250 mode 2
Event: 24.318 Thread 0x00007f7420015800 Uncommon trap: trap_request=0xffffffde fr.pc=0x00007f74105288d4 relative=0x00000000000002d4
Event: 24.318 Thread 0x00007f7420015800 Uncommon trap: reason=class_check action=maybe_recompile pc=0x00007f74105288d4 method=java.util.regex.Pattern$CharProperty.match(Ljava/util/regex/Matcher;ILjava/lang/CharSequence;)Z @ 21 c2
Event: 24.318 Thread 0x00007f7420015800 DEOPT PACKING pc=0x00007f74105288d4 sp=0x00007f7427fd0280
Event: 24.318 Thread 0x00007f7420015800 DEOPT UNPACKING pc=0x00007f7408850e9f sp=0x00007f7427fd0250 mode 2
Event: 170.092 Thread 0x00007f7420015800 Uncommon trap: trap_request=0xffffffc6 fr.pc=0x00007f74104c8550 relative=0x0000000000000750
Event: 170.092 Thread 0x00007f7420015800 Uncommon trap: reason=bimorphic_or_optimized_type_check action=maybe_recompile pc=0x00007f74104c8550 method=java.util.HashMap.removeNode(ILjava/lang/Object;Ljava/lang/Object;ZZ)Ljava/util/HashMap$Node; @ 283 c2
Event: 170.092 Thread 0x00007f7420015800 DEOPT PACKING pc=0x00007f74104c8550 sp=0x00007f7427fd0570
Event: 170.092 Thread 0x00007f7420015800 DEOPT UNPACKING pc=0x00007f7408850e9f sp=0x00007f7427fd04a8 mode 2

Classes redefined (0 events):
No events

Internal exceptions (20 events):
Event: 16.108 Thread 0x00007f7420015800 Exception <a 'java/lang/ArrayIndexOutOfBoundsException'{0x00000000ae143a20}> (0x00000000ae143a20) thrown at [./src/hotspot/share/runtime/sharedRuntime.cpp, line 606]
Event: 16.131 Thread 0x00007f7420015800 Exception <a 'java/lang/ArrayIndexOutOfBoundsException'{0x00000000adc77060}> (0x00000000adc77060) thrown at [./src/hotspot/share/runtime/sharedRuntime.cpp, line 606]
Event: 16.151 Thread 0x00007f7420015800 Exception <a 'java/lang/ArrayIndexOutOfBoundsException'{0x00000000ad388fc0}> (0x00000000ad388fc0) thrown at [./src/hotspot/share/runtime/sharedRuntime.cpp, line 606]
Event: 16.227 Thread 0x00007f7420015800 Exception <a 'java/lang/ArrayIndexOutOfBoundsException'{0x00000000acc5c5e0}> (0x00000000acc5c5e0) thrown at [./src/hotspot/share/runtime/sharedRuntime.cpp, line 606]
Event: 16.439 Thread 0x00007f7420015800 Exception <a 'java/lang/ArrayIndexOutOfBoundsException'{0x00000000abe39738}> (0x00000000abe39738) thrown at [./src/hotspot/share/runtime/sharedRuntime.cpp, line 606]
Event: 19.860 Thread 0x00007f7420015800 Exception <a 'java/lang/ArrayIndexOutOfBoundsException'{0x00000000b20bb730}> (0x00000000b20bb730) thrown at [./src/hotspot/share/runtime/sharedRuntime.cpp, line 606]
Event: 20.051 Thread 0x00007f7420015800 Exception <a 'java/lang/ArrayIndexOutOfBoundsException'{0x00000000b17d8398}> (0x00000000b17d8398) thrown at [./src/hotspot/share/runtime/sharedRuntime.cpp, line 606]
Event: 20.650 Thread 0x00007f7420015800 Exception <a 'java/lang/ArrayIndexOutOfBoundsException'{0x00000000b1729e70}: Index 2452 out of bounds for length 2452> (0x00000000b1729e70) thrown at [./src/hotspot/share/interpreter/interpreterRuntime.cpp, line 444]
Event: 20.762 Thread 0x00007f7420015800 Exception <a 'java/lang/ArrayIndexOutOfBoundsException'{0x00000000b0546a78}> (0x00000000b0546a78) thrown at [./src/hotspot/share/runtime/sharedRuntime.cpp, line 606]
Event: 20.791 Thread 0x00007f7420015800 Exception <a 'java/lang/ArrayIndexOutOfBoundsException'{0x00000000afc76b10}> (0x00000000afc76b10) thrown at [./src/hotspot/share/runtime/sharedRuntime.cpp, line 606]
Event: 20.875 Thread 0x00007f7420015800 Exception <a 'java/lang/ArrayIndexOutOfBoundsException'{0x00000000af54fe28}> (0x00000000af54fe28) thrown at [./src/hotspot/share/runtime/sharedRuntime.cpp, line 606]
Event: 20.938 Thread 0x00007f7420015800 Exception <a 'java/lang/ArrayIndexOutOfBoundsException'{0x00000000aec4bc48}> (0x00000000aec4bc48) thrown at [./src/hotspot/share/runtime/sharedRuntime.cpp, line 606]
Event: 20.954 Thread 0x00007f7420015800 Exception <a 'java/lang/ArrayIndexOutOfBoundsException'{0x00000000ae86d298}> (0x00000000ae86d298) thrown at [./src/hotspot/share/runtime/sharedRuntime.cpp, line 606]
Event: 20.965 Thread 0x00007f7420015800 Exception <a 'java/lang/ArrayIndexOutOfBoundsException'{0x00000000adf69fe8}> (0x00000000adf69fe8) thrown at [./src/hotspot/share/runtime/sharedRuntime.cpp, line 606]
Event: 20.970 Thread 0x00007f74215e8000 Exception <a 'java/lang/InterruptedException'{0x00000000ade80840}: sleep interrupted> (0x00000000ade80840) thrown at [./src/hotspot/share/prims/jvm.cpp, line 3128]
Event: 20.978 Thread 0x00007f7420015800 Exception <a 'java/lang/NoSuchMethodError'{0x00000000ade1fba0}: 'void java.lang.invoke.DirectMethodHandle$Holder.invokeInterface(java.lang.Object, java.lang.Object)'> (0x00000000ade1fba0) thrown at [./src/hotspot/share/interpreter/linkResolver.cpp, line 773]
Event: 21.064 Thread 0x00007f7420015800 Exception <a 'java/lang/ArrayIndexOutOfBoundsException'{0x00000000ad9100a8}> (0x00000000ad9100a8) thrown at [./src/hotspot/share/runtime/sharedRuntime.cpp, line 606]
Event: 21.073 Thread 0x00007f7420015800 Exception <a 'java/lang/ArrayIndexOutOfBoundsException'{0x00000000ad0db7a8}> (0x00000000ad0db7a8) thrown at [./src/hotspot/share/runtime/sharedRuntime.cpp, line 606]
Event: 21.112 Thread 0x00007f7420015800 Exception <a 'java/lang/ArrayIndexOutOfBoundsException'{0x00000000acb5f1a8}> (0x00000000acb5f1a8) thrown at [./src/hotspot/share/runtime/sharedRuntime.cpp, line 606]
Event: 22.496 Thread 0x00007f7420015800 Exception <a 'java/lang/ArrayIndexOutOfBoundsException'{0x00000000abfa55d8}> (0x00000000abfa55d8) thrown at [./src/hotspot/share/runtime/sharedRuntime.cpp, line 606]

Events (20 events):
Event: 169.590 loading class org/sonar/plugins/java/api/tree/AnnotationTree done
Event: 169.590 loading class org/sonar/plugins/java/api/tree/AnnotationTree
Event: 169.590 loading class org/sonar/plugins/java/api/tree/AnnotationTree done
Event: 169.645 loading class org/sonar/java/checks/tests/TooManyAssertionsCheck$AssertionsCounterVisitor
Event: 169.645 loading class org/sonar/java/checks/tests/TooManyAssertionsCheck$AssertionsCounterVisitor done
Event: 169.718 loading class org/sonar/java/checks/tests/AssertionTypesCheck$Argument
Event: 169.718 loading class org/sonar/java/checks/tests/AssertionTypesCheck$Argument done
Event: 169.838 loading class org/sonar/plugins/java/api/tree/ExpressionTree
Event: 169.838 loading class org/sonar/plugins/java/api/tree/ExpressionTree done
Event: 169.838 loading class org/sonar/plugins/java/api/tree/ExpressionTree
Event: 169.838 loading class org/sonar/plugins/java/api/tree/ExpressionTree done
Event: 169.839 loading class org/sonar/plugins/java/api/tree/MethodInvocationTree
Event: 169.839 loading class org/sonar/plugins/java/api/tree/MethodInvocationTree done
Event: 169.839 loading class org/sonar/plugins/java/api/tree/ExpressionTree
Event: 169.839 loading class org/sonar/plugins/java/api/tree/ExpressionTree done
Event: 169.839 loading class org/sonar/java/checks/tests/AssertTrueInsteadOfDedicatedAssertCheck
Event: 169.839 loading class org/sonar/java/checks/tests/AssertTrueInsteadOfDedicatedAssertCheck done
Event: 169.840 loading class org/sonar/java/checks/tests/AssertionTypesCheck$Option
Event: 169.840 loading class org/sonar/java/checks/tests/AssertionTypesCheck$Option done
Event: 172.206 Executing VM operation: G1CollectForAllocation


Dynamic libraries:
a5400000-b2200000 rw-p 00000000 00:00 0 
cc200000-ffe00000 ---p 00000000 00:00 0 
ffe00000-ffe47000 rw-p 00b03000 08:01 6385516                            /usr/lib/jvm/java-11-openjdk-11.0.17.0.8-2.el7_9.x86_64/lib/server/classes.jsa
ffe47000-fff00000 rw-p 00000000 00:00 0 
fff00000-fff6b000 rw-p 00a98000 08:01 6385516                            /usr/lib/jvm/java-11-openjdk-11.0.17.0.8-2.el7_9.x86_64/lib/server/classes.jsa
fff6b000-100000000 rw-p 00000000 00:00 0 
800000000-800002000 rwxp 00001000 08:01 6385516                          /usr/lib/jvm/java-11-openjdk-11.0.17.0.8-2.el7_9.x86_64/lib/server/classes.jsa
800002000-8003c9000 rw-p 00003000 08:01 6385516                          /usr/lib/jvm/java-11-openjdk-11.0.17.0.8-2.el7_9.x86_64/lib/server/classes.jsa
8003c9000-800a96000 r--p 003ca000 08:01 6385516                          /usr/lib/jvm/java-11-openjdk-11.0.17.0.8-2.el7_9.x86_64/lib/server/classes.jsa
800a96000-800a97000 rw-p 00a97000 08:01 6385516                          /usr/lib/jvm/java-11-openjdk-11.0.17.0.8-2.el7_9.x86_64/lib/server/classes.jsa
840000000-840960000 rw-p 00000000 00:00 0 
840960000-880000000 ---p 00000000 00:00 0 
556d80899000-556d8089a000 r-xp 00000000 08:01 33660187                   /usr/lib/jvm/java-11-openjdk-11.0.17.0.8-2.el7_9.x86_64/bin/java
556d80a9a000-556d80a9b000 r--p 00001000 08:01 33660187                   /usr/lib/jvm/java-11-openjdk-11.0.17.0.8-2.el7_9.x86_64/bin/java
556d80a9b000-556d80a9c000 rw-p 00002000 08:01 33660187                   /usr/lib/jvm/java-11-openjdk-11.0.17.0.8-2.el7_9.x86_64/bin/java
556d812ef000-556d81310000 rw-p 00000000 00:00 0                          [heap]
7f7384000000-7f7384021000 rw-p 00000000 00:00 0 
7f7384021000-7f7388000000 ---p 00000000 00:00 0 
7f7389a07000-7f7389b47000 rw-p 00000000 00:00 0 
7f7389b47000-7f7389c07000 ---p 00000000 00:00 0 
7f7389c07000-7f7389e07000 rw-p 00000000 00:00 0 
7f7389e07000-7f738a007000 rw-p 00000000 00:00 0 
7f738a007000-7f738a207000 rw-p 00000000 00:00 0 
7f738a207000-7f738a407000 rw-p 00000000 00:00 0 
7f738a407000-7f738a607000 rw-p 00000000 00:00 0 
7f738a607000-7f738a807000 rw-p 00000000 00:00 0 
7f738a807000-7f7393000000 r--s 00000000 08:01 102794958                  /usr/lib/jvm/java-11-openjdk-11.0.17.0.8-2.el7_9.x86_64/lib/modules
7f7393000000-7f7393200000 rw-p 00000000 00:00 0 
7f7393200000-7f7393400000 rw-p 00000000 00:00 0 
7f7393400000-7f7393600000 rw-p 00000000 00:00 0 
7f7393600000-7f73937e6000 rw-p 00000000 00:00 0 
7f73937e6000-7f7393800000 ---p 00000000 00:00 0 
7f7393800000-7f7393a00000 rw-p 00000000 00:00 0 
7f7393a00000-7f7393c00000 rw-p 00000000 00:00 0 
7f7393c00000-7f7393e00000 rw-p 00000000 00:00 0 
7f7393e00000-7f7394000000 rw-p 00000000 00:00 0 
7f7394000000-7f7394021000 rw-p 00000000 00:00 0 
7f7394021000-7f7398000000 ---p 00000000 00:00 0 
7f7398000000-7f7398021000 rw-p 00000000 00:00 0 
7f7398021000-7f739c000000 ---p 00000000 00:00 0 
7f739c000000-7f739c021000 rw-p 00000000 00:00 0 
7f739c021000-7f73a0000000 ---p 00000000 00:00 0 
7f73a0000000-7f73a0021000 rw-p 00000000 00:00 0 
7f73a0021000-7f73a4000000 ---p 00000000 00:00 0 
7f73a4000000-7f73a4021000 rw-p 00000000 00:00 0 
7f73a4021000-7f73a8000000 ---p 00000000 00:00 0 
7f73a8000000-7f73a8021000 rw-p 00000000 00:00 0 
7f73a8021000-7f73ac000000 ---p 00000000 00:00 0 
7f73ac000000-7f73ac021000 rw-p 00000000 00:00 0 
7f73ac021000-7f73b0000000 ---p 00000000 00:00 0 
7f73b0000000-7f73b0021000 rw-p 00000000 00:00 0 
7f73b0021000-7f73b4000000 ---p 00000000 00:00 0 
7f73b4000000-7f73b402a000 rw-p 00000000 00:00 0 
7f73b402a000-7f73b8000000 ---p 00000000 00:00 0 
7f73b8000000-7f73b8021000 rw-p 00000000 00:00 0 
7f73b8021000-7f73bc000000 ---p 00000000 00:00 0 
7f73bc000000-7f73bc021000 rw-p 00000000 00:00 0 
7f73bc021000-7f73c0000000 ---p 00000000 00:00 0 
7f73c0000000-7f73c0021000 rw-p 00000000 00:00 0 
7f73c0021000-7f73c4000000 ---p 00000000 00:00 0 
7f73c4000000-7f73c4c65000 rw-p 00000000 00:00 0 
7f73c4c65000-7f73c8000000 ---p 00000000 00:00 0 
7f73c8000000-7f73c8021000 rw-p 00000000 00:00 0 
7f73c8021000-7f73cc000000 ---p 00000000 00:00 0 
7f73cc000000-7f73cc021000 rw-p 00000000 00:00 0 
7f73cc021000-7f73d0000000 ---p 00000000 00:00 0 
7f73d0000000-7f73d2a37000 rw-p 00000000 00:00 0 
7f73d2a37000-7f73d4000000 ---p 00000000 00:00 0 
7f73d4000000-7f73d4021000 rw-p 00000000 00:00 0 
7f73d4021000-7f73d8000000 ---p 00000000 00:00 0 
7f73d80b3000-7f73d80b4000 ---p 00000000 00:00 0 
7f73d80b4000-7f73d81b5000 rw-p 00000000 00:00 0 
7f73d81b5000-7f73d81b9000 ---p 00000000 00:00 0 
7f73d81b9000-7f73d84b6000 rw-p 00000000 00:00 0 
7f73d84b6000-7f73d84ba000 ---p 00000000 00:00 0 
7f73d84ba000-7f73d85b7000 rw-p 00000000 00:00 0 
7f73d85b7000-7f73d85bb000 ---p 00000000 00:00 0 
7f73d85bb000-7f73d88b8000 rw-p 00000000 00:00 0 
7f73d88b8000-7f73d8ab8000 rw-p 00000000 00:00 0 
7f73d8ab8000-7f73d8cb8000 rw-p 00000000 00:00 0 
7f73d8cb8000-7f73d8eb8000 rw-p 00000000 00:00 0 
7f73d8eb8000-7f73d90b8000 rw-p 00000000 00:00 0 
7f73d90b8000-7f73d90bc000 ---p 00000000 00:00 0 
7f73d90bc000-7f73d91b9000 rw-p 00000000 00:00 0 
7f73d91b9000-7f73d91bd000 ---p 00000000 00:00 0 
7f73d91bd000-7f73d94ba000 rw-p 00000000 00:00 0 
7f73d94ba000-7f73d96ba000 rw-p 00000000 00:00 0 
7f73d96ba000-7f73d96bb000 ---p 00000000 00:00 0 
7f73d96bb000-7f73d99bc000 rw-p 00000000 00:00 0 
7f73d99bc000-7f73d99c0000 ---p 00000000 00:00 0 
7f73d99c0000-7f73d9abd000 rw-p 00000000 00:00 0 
7f73d9abd000-7f73e0000000 r--p 00000000 08:01 100664355                  /usr/lib/locale/locale-archive
7f73e0000000-7f73e0021000 rw-p 00000000 00:00 0 
7f73e0021000-7f73e4000000 ---p 00000000 00:00 0 
7f73e4000000-7f73e4021000 rw-p 00000000 00:00 0 
7f73e4021000-7f73e8000000 ---p 00000000 00:00 0 
7f73e8000000-7f73e8021000 rw-p 00000000 00:00 0 
7f73e8021000-7f73ec000000 ---p 00000000 00:00 0 
7f73ec000000-7f73ec437000 rw-p 00000000 00:00 0 
7f73ec437000-7f73f0000000 ---p 00000000 00:00 0 
7f73f0000000-7f73f0021000 rw-p 00000000 00:00 0 
7f73f0021000-7f73f4000000 ---p 00000000 00:00 0 
7f73f4000000-7f73f4051000 rw-p 00000000 00:00 0 
7f73f4051000-7f73f8000000 ---p 00000000 00:00 0 
7f73f80a6000-7f73f80aa000 ---p 00000000 00:00 0 
7f73f80aa000-7f73f81a7000 rw-p 00000000 00:00 0 
7f73f81a7000-7f73f81a9000 r-xp 00000000 08:01 102794504                  /usr/lib/jvm/java-11-openjdk-11.0.17.0.8-2.el7_9.x86_64/lib/libextnet.so
7f73f81a9000-7f73f83a8000 ---p 00002000 08:01 102794504                  /usr/lib/jvm/java-11-openjdk-11.0.17.0.8-2.el7_9.x86_64/lib/libextnet.so
7f73f83a8000-7f73f83a9000 r--p 00001000 08:01 102794504                  /usr/lib/jvm/java-11-openjdk-11.0.17.0.8-2.el7_9.x86_64/lib/libextnet.so
7f73f83a9000-7f73f85aa000 rw-p 00000000 00:00 0 
7f73f85aa000-7f73f85c5000 r-xp 00000000 08:01 102794954                  /usr/lib/jvm/java-11-openjdk-11.0.17.0.8-2.el7_9.x86_64/lib/libsunec.so
7f73f85c5000-7f73f87c5000 ---p 0001b000 08:01 102794954                  /usr/lib/jvm/java-11-openjdk-11.0.17.0.8-2.el7_9.x86_64/lib/libsunec.so
7f73f87c5000-7f73f87c6000 r--p 0001b000 08:01 102794954                  /usr/lib/jvm/java-11-openjdk-11.0.17.0.8-2.el7_9.x86_64/lib/libsunec.so
7f73f87c6000-7f73f87c8000 rw-p 0001c000 08:01 102794954                  /usr/lib/jvm/java-11-openjdk-11.0.17.0.8-2.el7_9.x86_64/lib/libsunec.so
7f73f87c8000-7f73f89c8000 rw-p 00000000 00:00 0 
7f73f89c8000-7f73f8bc8000 rw-p 00000000 00:00 0 
7f73f8bc8000-7f73f8dc8000 rw-p 00000000 00:00 0 
7f73f8dc8000-7f73f8fc8000 rw-p 00000000 00:00 0 
7f73f8fc8000-7f73f8fc9000 ---p 00000000 00:00 0 
7f73f8fc9000-7f73f90ca000 rw-p 00000000 00:00 0 
7f73f90ca000-7f73f90cd000 r-xp 00000000 08:01 68255639                   /tmp/jansi-2.4.0-8ed46546a9f7dfa8-libjansi.so
7f73f90cd000-7f73f92cc000 ---p 00003000 08:01 68255639                   /tmp/jansi-2.4.0-8ed46546a9f7dfa8-libjansi.so
7f73f92cc000-7f73f92cd000 rw-p 00002000 08:01 68255639                   /tmp/jansi-2.4.0-8ed46546a9f7dfa8-libjansi.so
7f73f92cd000-7f73f92e3000 r-xp 00000000 08:01 102794522                  /usr/lib/jvm/java-11-openjdk-11.0.17.0.8-2.el7_9.x86_64/lib/libnet.so
7f73f92e3000-7f73f94e2000 ---p 00016000 08:01 102794522                  /usr/lib/jvm/java-11-openjdk-11.0.17.0.8-2.el7_9.x86_64/lib/libnet.so
7f73f94e2000-7f73f94e3000 r--p 00015000 08:01 102794522                  /usr/lib/jvm/java-11-openjdk-11.0.17.0.8-2.el7_9.x86_64/lib/libnet.so
7f73f94e3000-7f73f94e4000 rw-p 00016000 08:01 102794522                  /usr/lib/jvm/java-11-openjdk-11.0.17.0.8-2.el7_9.x86_64/lib/libnet.so
7f73f94e4000-7f73f94f5000 r-xp 00000000 08:01 102794944                  /usr/lib/jvm/java-11-openjdk-11.0.17.0.8-2.el7_9.x86_64/lib/libnio.so
7f73f94f5000-7f73f96f4000 ---p 00011000 08:01 102794944                  /usr/lib/jvm/java-11-openjdk-11.0.17.0.8-2.el7_9.x86_64/lib/libnio.so
7f73f96f4000-7f73f96f5000 r--p 00010000 08:01 102794944                  /usr/lib/jvm/java-11-openjdk-11.0.17.0.8-2.el7_9.x86_64/lib/libnio.so
7f73f96f5000-7f73f96f6000 rw-p 00011000 08:01 102794944                  /usr/lib/jvm/java-11-openjdk-11.0.17.0.8-2.el7_9.x86_64/lib/libnio.so
7f73f96f6000-7f73f96fa000 ---p 00000000 00:00 0 
7f73f96fa000-7f73f97f7000 rw-p 00000000 00:00 0 
7f73f97f7000-7f73f97f8000 ---p 00000000 00:00 0 
7f73f97f8000-7f73f98f9000 rw-p 00000000 00:00 0 
7f73f98f9000-7f73f98fd000 ---p 00000000 00:00 0 
7f73f98fd000-7f73f99fa000 rw-p 00000000 00:00 0 
7f73f99fa000-7f73f99fe000 ---p 00000000 00:00 0 
7f73f99fe000-7f73f9afb000 rw-p 00000000 00:00 0 
7f73f9afb000-7f73f9aff000 ---p 00000000 00:00 0 
7f73f9aff000-7f73f9bfc000 rw-p 00000000 00:00 0 
7f73f9bfc000-7f73f9c00000 ---p 00000000 00:00 0 
7f73f9c00000-7f73f9cfd000 rw-p 00000000 00:00 0 
7f73f9cfd000-7f73f9d01000 ---p 00000000 00:00 0 
7f73f9d01000-7f73f9dfe000 rw-p 00000000 00:00 0 
7f73f9dfe000-7f73f9e02000 ---p 00000000 00:00 0 
7f73f9e02000-7f73f9eff000 rw-p 00000000 00:00 0 
7f73f9eff000-7f73f9f03000 ---p 00000000 00:00 0 
7f73f9f03000-7f73fc000000 rw-p 00000000 00:00 0 
7f73fc000000-7f73fc021000 rw-p 00000000 00:00 0 
7f73fc021000-7f7400000000 ---p 00000000 00:00 0 
7f740003f000-7f7400040000 ---p 00000000 00:00 0 
7f7400040000-7f74009c2000 rw-p 00000000 00:00 0 
7f74009c2000-7f74009c3000 ---p 00000000 00:00 0 
7f74009c3000-7f7400ac4000 rw-p 00000000 00:00 0 
7f7400ac4000-7f7400ac5000 ---p 00000000 00:00 0 
7f7400ac5000-7f7401302000 rw-p 00000000 00:00 0 
7f7401302000-7f7402672000 ---p 00000000 00:00 0 
7f7402672000-7f74029b2000 rw-p 00000000 00:00 0 
7f74029b2000-7f7403d22000 ---p 00000000 00:00 0 
7f7403d22000-7f7403d91000 rw-p 00000000 00:00 0 
7f7403d91000-7f7403fff000 ---p 00000000 00:00 0 
7f7403fff000-7f7404000000 rw-p 00000000 00:00 0 
7f7404000000-7f7404025000 rw-p 00000000 00:00 0 
7f7404025000-7f7408000000 ---p 00000000 00:00 0 
7f7408057000-7f7408058000 ---p 00000000 00:00 0 
7f7408058000-7f7408159000 rw-p 00000000 00:00 0 
7f7408159000-7f740815a000 ---p 00000000 00:00 0 
7f740815a000-7f74082c2000 rw-p 00000000 00:00 0 
7f74082c2000-7f7408530000 ---p 00000000 00:00 0 
7f7408530000-7f7408598000 rw-p 00000000 00:00 0 
7f7408598000-7f7408806000 ---p 00000000 00:00 0 
7f7408806000-7f7408807000 rw-p 00000000 00:00 0 
7f7408807000-7f7408a77000 rwxp 00000000 00:00 0 
7f7408a77000-7f7408d97000 ---p 00000000 00:00 0 
7f7408d97000-7f740a2d7000 rwxp 00000000 00:00 0 
7f740a2d7000-7f74102cf000 ---p 00000000 00:00 0 
7f74102cf000-7f74107af000 rwxp 00000000 00:00 0 
7f74107af000-7f7417807000 ---p 00000000 00:00 0 
7f7417807000-7f7420000000 r--s 00000000 08:01 102794958                  /usr/lib/jvm/java-11-openjdk-11.0.17.0.8-2.el7_9.x86_64/lib/modules
7f7420000000-7f7421a8d000 rw-p 00000000 00:00 0 
7f7421a8d000-7f7424000000 ---p 00000000 00:00 0 
7f742401e000-7f7424022000 ---p 00000000 00:00 0 
7f7424022000-7f742449f000 rw-p 00000000 00:00 0 
7f742449f000-7f74244a0000 ---p 00000000 00:00 0 
7f74244a0000-7f74245ab000 rw-p 00000000 00:00 0 
7f74245ab000-7f742468c000 ---p 00000000 00:00 0 
7f742468c000-7f74246b7000 rw-p 00000000 00:00 0 
7f74246b7000-7f7424777000 ---p 00000000 00:00 0 
7f7424777000-7f742477f000 r-xp 00000000 08:01 102794957                  /usr/lib/jvm/java-11-openjdk-11.0.17.0.8-2.el7_9.x86_64/lib/libzip.so
7f742477f000-7f742497e000 ---p 00008000 08:01 102794957                  /usr/lib/jvm/java-11-openjdk-11.0.17.0.8-2.el7_9.x86_64/lib/libzip.so
7f742497e000-7f742497f000 r--p 00007000 08:01 102794957                  /usr/lib/jvm/java-11-openjdk-11.0.17.0.8-2.el7_9.x86_64/lib/libzip.so
7f742497f000-7f7424980000 rw-p 00000000 00:00 0 
7f7424980000-7f742498c000 r-xp 00000000 08:01 6727                       /usr/lib64/libnss_files-2.17.so
7f742498c000-7f7424b8b000 ---p 0000c000 08:01 6727                       /usr/lib64/libnss_files-2.17.so
7f7424b8b000-7f7424b8c000 r--p 0000b000 08:01 6727                       /usr/lib64/libnss_files-2.17.so
7f7424b8c000-7f7424b8d000 rw-p 0000c000 08:01 6727                       /usr/lib64/libnss_files-2.17.so
7f7424b8d000-7f7424b93000 rw-p 00000000 00:00 0 
7f7424b93000-7f7424b98000 r-xp 00000000 08:01 102794514                  /usr/lib/jvm/java-11-openjdk-11.0.17.0.8-2.el7_9.x86_64/lib/libjimage.so
7f7424b98000-7f7424d98000 ---p 00005000 08:01 102794514                  /usr/lib/jvm/java-11-openjdk-11.0.17.0.8-2.el7_9.x86_64/lib/libjimage.so
7f7424d98000-7f7424d99000 r--p 00005000 08:01 102794514                  /usr/lib/jvm/java-11-openjdk-11.0.17.0.8-2.el7_9.x86_64/lib/libjimage.so
7f7424d99000-7f7424d9a000 rw-p 00006000 08:01 102794514                  /usr/lib/jvm/java-11-openjdk-11.0.17.0.8-2.el7_9.x86_64/lib/libjimage.so
7f7424d9a000-7f7424dc4000 r-xp 00000000 08:01 102794511                  /usr/lib/jvm/java-11-openjdk-11.0.17.0.8-2.el7_9.x86_64/lib/libjava.so
7f7424dc4000-7f7424fc3000 ---p 0002a000 08:01 102794511                  /usr/lib/jvm/java-11-openjdk-11.0.17.0.8-2.el7_9.x86_64/lib/libjava.so
7f7424fc3000-7f7424fc4000 r--p 00029000 08:01 102794511                  /usr/lib/jvm/java-11-openjdk-11.0.17.0.8-2.el7_9.x86_64/lib/libjava.so
7f7424fc4000-7f7424fc5000 rw-p 0002a000 08:01 102794511                  /usr/lib/jvm/java-11-openjdk-11.0.17.0.8-2.el7_9.x86_64/lib/libjava.so
7f7424fc5000-7f7424fc6000 rw-p 00000000 00:00 0 
7f7424fc6000-7f7424fd3000 r-xp 00000000 08:01 102794956                  /usr/lib/jvm/java-11-openjdk-11.0.17.0.8-2.el7_9.x86_64/lib/libverify.so
7f7424fd3000-7f74251d3000 ---p 0000d000 08:01 102794956                  /usr/lib/jvm/java-11-openjdk-11.0.17.0.8-2.el7_9.x86_64/lib/libverify.so
7f74251d3000-7f74251d5000 r--p 0000d000 08:01 102794956                  /usr/lib/jvm/java-11-openjdk-11.0.17.0.8-2.el7_9.x86_64/lib/libverify.so
7f74251d5000-7f74251d6000 rw-p 00000000 00:00 0 
7f74251d6000-7f74251dd000 r-xp 00000000 08:01 6739                       /usr/lib64/librt-2.17.so
7f74251dd000-7f74253dc000 ---p 00007000 08:01 6739                       /usr/lib64/librt-2.17.so
7f74253dc000-7f74253dd000 r--p 00006000 08:01 6739                       /usr/lib64/librt-2.17.so
7f74253dd000-7f74253de000 rw-p 00007000 08:01 6739                       /usr/lib64/librt-2.17.so
7f74253de000-7f74253f3000 r-xp 00000000 08:01 6387418                    /usr/lib64/libgcc_s-4.8.5-20150702.so.1
7f74253f3000-7f74255f2000 ---p 00015000 08:01 6387418                    /usr/lib64/libgcc_s-4.8.5-20150702.so.1
7f74255f2000-7f74255f3000 r--p 00014000 08:01 6387418                    /usr/lib64/libgcc_s-4.8.5-20150702.so.1
7f74255f3000-7f74255f4000 rw-p 00015000 08:01 6387418                    /usr/lib64/libgcc_s-4.8.5-20150702.so.1
7f74255f4000-7f74256f5000 r-xp 00000000 08:01 6716                       /usr/lib64/libm-2.17.so
7f74256f5000-7f74258f4000 ---p 00101000 08:01 6716                       /usr/lib64/libm-2.17.so
7f74258f4000-7f74258f5000 r--p 00100000 08:01 6716                       /usr/lib64/libm-2.17.so
7f74258f5000-7f74258f6000 rw-p 00101000 08:01 6716                       /usr/lib64/libm-2.17.so
7f74258f6000-7f74259df000 r-xp 00000000 08:01 7139                       /usr/lib64/libstdc++.so.6.0.19
7f74259df000-7f7425bdf000 ---p 000e9000 08:01 7139                       /usr/lib64/libstdc++.so.6.0.19
7f7425bdf000-7f7425be7000 r--p 000e9000 08:01 7139                       /usr/lib64/libstdc++.so.6.0.19
7f7425be7000-7f7425be9000 rw-p 000f1000 08:01 7139                       /usr/lib64/libstdc++.so.6.0.19
7f7425be9000-7f7425bfe000 rw-p 00000000 00:00 0 
7f7425bfe000-7f7426e42000 r-xp 00000000 08:01 6385515                    /usr/lib/jvm/java-11-openjdk-11.0.17.0.8-2.el7_9.x86_64/lib/server/libjvm.so
7f7426e42000-7f7427042000 ---p 01244000 08:01 6385515                    /usr/lib/jvm/java-11-openjdk-11.0.17.0.8-2.el7_9.x86_64/lib/server/libjvm.so
7f7427042000-7f7427117000 r--p 01244000 08:01 6385515                    /usr/lib/jvm/java-11-openjdk-11.0.17.0.8-2.el7_9.x86_64/lib/server/libjvm.so
7f7427117000-7f7427153000 rw-p 01319000 08:01 6385515                    /usr/lib/jvm/java-11-openjdk-11.0.17.0.8-2.el7_9.x86_64/lib/server/libjvm.so
7f7427153000-7f74271ad000 rw-p 00000000 00:00 0 
7f74271ad000-7f7427371000 r-xp 00000000 08:01 6652                       /usr/lib64/libc-2.17.so
7f7427371000-7f7427570000 ---p 001c4000 08:01 6652                       /usr/lib64/libc-2.17.so
7f7427570000-7f7427574000 r--p 001c3000 08:01 6652                       /usr/lib64/libc-2.17.so
7f7427574000-7f7427576000 rw-p 001c7000 08:01 6652                       /usr/lib64/libc-2.17.so
7f7427576000-7f742757b000 rw-p 00000000 00:00 0 
7f742757b000-7f742757d000 r-xp 00000000 08:01 6714                       /usr/lib64/libdl-2.17.so
7f742757d000-7f742777d000 ---p 00002000 08:01 6714                       /usr/lib64/libdl-2.17.so
7f742777d000-7f742777e000 r--p 00002000 08:01 6714                       /usr/lib64/libdl-2.17.so
7f742777e000-7f742777f000 rw-p 00003000 08:01 6714                       /usr/lib64/libdl-2.17.so
7f742777f000-7f742778f000 r-xp 00000000 08:01 102794496                  /usr/lib/jvm/java-11-openjdk-11.0.17.0.8-2.el7_9.x86_64/lib/jli/libjli.so
7f742778f000-7f742798e000 ---p 00010000 08:01 102794496                  /usr/lib/jvm/java-11-openjdk-11.0.17.0.8-2.el7_9.x86_64/lib/jli/libjli.so
7f742798e000-7f742798f000 r--p 0000f000 08:01 102794496                  /usr/lib/jvm/java-11-openjdk-11.0.17.0.8-2.el7_9.x86_64/lib/jli/libjli.so
7f742798f000-7f7427990000 rw-p 00010000 08:01 102794496                  /usr/lib/jvm/java-11-openjdk-11.0.17.0.8-2.el7_9.x86_64/lib/jli/libjli.so
7f7427990000-7f74279a7000 r-xp 00000000 08:01 6735                       /usr/lib64/libpthread-2.17.so
7f74279a7000-7f7427ba6000 ---p 00017000 08:01 6735                       /usr/lib64/libpthread-2.17.so
7f7427ba6000-7f7427ba7000 r--p 00016000 08:01 6735                       /usr/lib64/libpthread-2.17.so
7f7427ba7000-7f7427ba8000 rw-p 00017000 08:01 6735                       /usr/lib64/libpthread-2.17.so
7f7427ba8000-7f7427bac000 rw-p 00000000 00:00 0 
7f7427bac000-7f7427bc1000 r-xp 00000000 08:01 11341                      /usr/lib64/libz.so.1.2.7
7f7427bc1000-7f7427dc0000 ---p 00015000 08:01 11341                      /usr/lib64/libz.so.1.2.7
7f7427dc0000-7f7427dc1000 r--p 00014000 08:01 11341                      /usr/lib64/libz.so.1.2.7
7f7427dc1000-7f7427dc2000 rw-p 00015000 08:01 11341                      /usr/lib64/libz.so.1.2.7
7f7427dc2000-7f7427de4000 r-xp 00000000 08:01 5596                       /usr/lib64/ld-2.17.so
7f7427ded000-7f7427df4000 r--s 00000000 08:01 7134                       /usr/lib64/gconv/gconv-modules.cache
7f7427df4000-7f7427ec5000 rw-p 00000000 00:00 0 
7f7427ec5000-7f7427ecc000 ---p 00000000 00:00 0 
7f7427ecc000-7f7427ed4000 rw-s 00000000 08:01 35196826                   /tmp/hsperfdata_jenkins/16446
7f7427ed4000-7f7427ed8000 ---p 00000000 00:00 0 
7f7427ed8000-7f7427fda000 rw-p 00000000 00:00 0 
7f7427fdf000-7f7427fe0000 rw-p 00000000 00:00 0 
7f7427fe0000-7f7427fe1000 ---p 00000000 00:00 0 
7f7427fe1000-7f7427fe2000 r--p 00000000 00:00 0 
7f7427fe2000-7f7427fe3000 rw-p 00000000 00:00 0 
7f7427fe3000-7f7427fe4000 r--p 00021000 08:01 5596                       /usr/lib64/ld-2.17.so
7f7427fe4000-7f7427fe5000 rw-p 00022000 08:01 5596                       /usr/lib64/ld-2.17.so
7f7427fe5000-7f7427fe6000 rw-p 00000000 00:00 0 
7ffc84823000-7ffc84844000 rw-p 00000000 00:00 0                          [stack]
7ffc849ea000-7ffc849ec000 r-xp 00000000 00:00 0                          [vdso]
ffffffffff600000-ffffffffff601000 r-xp 00000000 00:00 0                  [vsyscall]


VM Arguments:
jvm_args: -Dclassworlds.conf=/opt/maven/bin/m2.conf -Dmaven.home=/opt/maven -Dlibrary.jansi.path=/opt/maven/lib/jansi-native -Dmaven.multiModuleProjectDirectory=/var/lib/jenkins/workspace/esprit-devops 
java_command: org.codehaus.plexus.classworlds.launcher.Launcher sonar:sonar -Dsonar.host.url=http://172.10.0.140:9000 -Dsonar.login=efea649a08ffcc5d14292684449e23ed88e17e1b
java_class_path (initial): /opt/maven/boot/plexus-classworlds-2.6.0.jar
Launcher Type: SUN_STANDARD

[Global flags]
     intx CICompilerCount                          = 3                                         {product} {ergonomic}
     uint ConcGCThreads                            = 1                                         {product} {ergonomic}
     uint G1ConcRefinementThreads                  = 4                                         {product} {ergonomic}
   size_t G1HeapRegionSize                         = 1048576                                   {product} {ergonomic}
    uintx GCDrainStackTargetSize                   = 64                                        {product} {ergonomic}
   size_t InitialHeapSize                          = 96468992                                  {product} {ergonomic}
   size_t MarkStackSize                            = 4194304                                   {product} {ergonomic}
   size_t MaxHeapSize                              = 1522532352                                {product} {ergonomic}
   size_t MaxNewSize                               = 913309696                                 {product} {ergonomic}
   size_t MinHeapDeltaBytes                        = 1048576                                   {product} {ergonomic}
    uintx NonNMethodCodeHeapSize                   = 5830732                                {pd product} {ergonomic}
    uintx NonProfiledCodeHeapSize                  = 122913754                              {pd product} {ergonomic}
    uintx ProfiledCodeHeapSize                     = 122913754                              {pd product} {ergonomic}
    uintx ReservedCodeCacheSize                    = 251658240                              {pd product} {ergonomic}
     bool SegmentedCodeCache                       = true                                      {product} {ergonomic}
     bool UseCompressedClassPointers               = true                                 {lp64_product} {ergonomic}
     bool UseCompressedOops                        = true                                 {lp64_product} {ergonomic}
     bool UseG1GC                                  = true                                      {product} {ergonomic}

Logging:
Log output configuration:
 #0: stdout all=warning uptime,level,tags
 #1: stderr all=off uptime,level,tags

Environment Variables:
JAVA_HOME=/usr/lib/jvm/jre-11-openjdk
PATH=/usr/lib/jvm/jre-11-openjdk/bin:/opt/maven/bin:/usr/lib/jvm/jre-11-openjdk/bin:/opt/maven/bin:/usr/local/sbin:/usr/local/bin:/usr/sbin:/usr/bin
SHELL=/bin/false
LANG=en_US.UTF-8

Signal Handlers:
SIGSEGV: [libjvm.so+0xf09d60], sa_mask[0]=11111111011111111101111111111110, sa_flags=SA_RESTART|SA_SIGINFO
SIGBUS: [libjvm.so+0xf09d60], sa_mask[0]=11111111011111111101111111111110, sa_flags=SA_RESTART|SA_SIGINFO
SIGFPE: [libjvm.so+0xf09d60], sa_mask[0]=11111111011111111101111111111110, sa_flags=SA_RESTART|SA_SIGINFO
SIGPIPE: [libjvm.so+0xc53950], sa_mask[0]=11111111011111111101111111111110, sa_flags=SA_RESTART|SA_SIGINFO
SIGXFSZ: [libjvm.so+0xc53950], sa_mask[0]=11111111011111111101111111111110, sa_flags=SA_RESTART|SA_SIGINFO
SIGILL: [libjvm.so+0xf09d60], sa_mask[0]=11111111011111111101111111111110, sa_flags=SA_RESTART|SA_SIGINFO
SIGUSR2: [libjvm.so+0xc537d0], sa_mask[0]=00100000000000000000000000000000, sa_flags=SA_RESTART|SA_SIGINFO
SIGHUP: SIG_IGN, sa_mask[0]=00000000000000000000000000000000, sa_flags=none
SIGINT: SIG_IGN, sa_mask[0]=00000000000000000000000000000000, sa_flags=none
SIGTERM: [libjvm.so+0xc539a0], sa_mask[0]=11111111011111111101111111111110, sa_flags=SA_RESTART|SA_SIGINFO
SIGQUIT: [libjvm.so+0xc539a0], sa_mask[0]=11111111011111111101111111111110, sa_flags=SA_RESTART|SA_SIGINFO


---------------  S Y S T E M  ---------------

OS:CentOS Linux release 7.9.2009 (Core)
uname:Linux 3.10.0-1160.76.1.el7.x86_64 #1 SMP Wed Aug 10 16:21:17 UTC 2022 x86_64
OS uptime: 0 days 0:45 hours
libc:glibc 2.17 NPTL 2.17 
rlimit (soft/hard): STACK 8192k/infinity , CORE 0k/infinity , NPROC 23161/23161 , NOFILE 4096/4096 , AS infinity/infinity , CPU infinity/infinity , DATA infinity/infinity , FSIZE infinity/infinity , MEMLOCK 64k/64k
load average:24.99 12.17 5.20

/proc/meminfo:
MemTotal:        5944292 kB
MemFree:          161520 kB
MemAvailable:     122532 kB
Buffers:               0 kB
Cached:           130172 kB
SwapCached:       169808 kB
Active:          2736796 kB
Inactive:        2817332 kB
Active(anon):    2672008 kB
Inactive(anon):  2755408 kB
Active(file):      64788 kB
Inactive(file):    61924 kB
Unevictable:           0 kB
Mlocked:               0 kB
SwapTotal:       2097148 kB
SwapFree:              0 kB
Dirty:               152 kB
Writeback:             0 kB
AnonPages:       5254304 kB
Mapped:            33548 kB
Shmem:              3344 kB
Slab:              96416 kB
SReclaimable:      49004 kB
SUnreclaim:        47412 kB
KernelStack:       12528 kB
PageTables:        25708 kB
NFS_Unstable:          0 kB
Bounce:                0 kB
WritebackTmp:          0 kB
CommitLimit:     5069292 kB
Committed_AS:   10291160 kB
VmallocTotal:   34359738367 kB
VmallocUsed:       18732 kB
VmallocChunk:   34359716476 kB
Percpu:             1152 kB
HardwareCorrupted:     0 kB
AnonHugePages:   1677312 kB
CmaTotal:              0 kB
CmaFree:               0 kB
HugePages_Total:       0
HugePages_Free:        0
HugePages_Rsvd:        0
HugePages_Surp:        0
Hugepagesize:       2048 kB
DirectMap4k:       71616 kB
DirectMap2M:     6219776 kB

/sys/kernel/mm/transparent_hugepage/enabled:
[always] madvise never
/sys/kernel/mm/transparent_hugepage/defrag (defrag/compaction efforts parameter):
[always] madvise never

Process Memory:
Virtual Size: 4778636K (peak: 12922236K)
Resident Set Size: 416668K (peak: 422524K) (anon: 410496K, file: 6172K, shmem: 0K)
Swapped out: 0K
C-Heap outstanding allocations: 44118K, retained: 56465K
glibc malloc tunables: (default)

/proc/sys/kernel/threads-max (system-wide limit on the number of threads):
46322
/proc/sys/vm/max_map_count (maximum number of memory map areas a process may have):
65530
/proc/sys/kernel/pid_max (system-wide limit on number of process identifiers):
32768

container (cgroup) information:
container_type: cgroupv1
cpu_cpuset_cpus: 0-3
cpu_memory_nodes: 0
active_processor_count: 4
cpu_quota: no quota
cpu_period: 100000
cpu_shares: no shares
memory_limit_in_bytes: unlimited
memory_and_swap_limit_in_bytes: unlimited
memory_soft_limit_in_bytes: unlimited
memory_usage_in_bytes: 1399256 k
memory_max_usage_in_bytes: 2120828 k
maximum number of tasks: unlimited
current number of tasks: 113

KVM virtualization detected
Steal ticks since vm start: 0
Steal ticks percentage since vm start:  0.000

CPU:total 4 (initial active 4) (4 cores per cpu, 1 threads per core) family 6 model 165 stepping 3 microcode 0xffffffff, cmov, cx8, fxsr, mmx, sse, sse2, sse3, ssse3, sse4.1, sse4.2, tsc, tscinvbit
CPU Model and flags from /proc/cpuinfo:
model name	: Intel(R) Core(TM) i5-10600 CPU @ 3.30GHz
flags		: fpu vme de pse tsc msr pae mce cx8 apic sep mtrr pge mca cmov pat pse36 clflush mmx fxsr sse sse2 ht syscall nx rdtscp lm constant_tsc rep_good nopl xtopology nonstop_tsc eagerfpu pni ssse3 cx16 pcid sse4_1 sse4_2 hypervisor lahf_lm invpcid_single ibrs_enhanced fsgsbase invpcid md_clear flush_l1d arch_capabilities
Online cpus:
0-3
Offline cpus:

BIOS frequency limitation:
<Not Available>
Frequency switch latency (ns):
<Not Available>
Available cpu frequencies:
<Not Available>
Current governor:
<Not Available>
Core performance/turbo boost:
<Not Available>

Memory: 4k page, physical 5944292k(161520k free), swap 2097148k(0k free)

vm_info: OpenJDK 64-Bit Server VM (11.0.17+8-LTS) for linux-amd64 JRE (11.0.17+8-LTS), built on Oct 21 2022 14:33:13 by "mockbuild" with gcc 4.8.5 20150623 (Red Hat 4.8.5-44)

END.
